[0.023s] Invoking command in '/home/abhiyaan-cu/ardc/Automated-Road-Dust-Collector/build/model_pkg': CMAKE_PREFIX_PATH=/opt/ros/humble /usr/bin/cmake /home/abhiyaan-cu/ardc/Automated-Road-Dust-Collector/src/model_pkg -DCMAKE_INSTALL_PREFIX=/home/abhiyaan-cu/ardc/Automated-Road-Dust-Collector/install/model_pkg
[0.085s] -- The C compiler identification is GNU 11.4.0
[0.145s] -- The CXX compiler identification is GNU 11.4.0
[0.151s] -- Detecting C compiler ABI info
[0.184s] -- Detecting C compiler ABI info - done
[0.190s] -- Check for working C compiler: /usr/lib/ccache/gcc - skipped
[0.190s] -- Detecting C compile features
[0.190s] -- Detecting C compile features - done
[0.192s] -- Detecting CXX compiler ABI info
[0.233s] -- Detecting CXX compiler ABI info - done
[0.239s] -- Check for working CXX compiler: /usr/lib/ccache/g++ - skipped
[0.239s] -- Detecting CXX compile features
[0.240s] -- Detecting CXX compile features - done
[0.241s] -- Found ament_cmake: 1.3.12 (/opt/ros/humble/share/ament_cmake/cmake)
[0.343s] -- Found Python3: /usr/bin/python3 (found version "3.10.12") found components: Interpreter 
[0.400s] -- Found ament_lint_auto: 0.12.14 (/opt/ros/humble/share/ament_lint_auto/cmake)
[0.453s] -- Added test 'flake8' to check Python code syntax and style conventions
[0.454s] -- Added test 'lint_cmake' to check CMake code style
[0.454s] -- Added test 'pep257' to check Python code against some of the docstring style conventions in PEP 257
[0.456s] -- Added test 'xmllint' to check XML markup files
[0.457s] -- Configuring done
[0.458s] -- Generating done
[0.459s] -- Build files have been written to: /home/abhiyaan-cu/ardc/Automated-Road-Dust-Collector/build/model_pkg
[0.468s] Invoked command in '/home/abhiyaan-cu/ardc/Automated-Road-Dust-Collector/build/model_pkg' returned '0': CMAKE_PREFIX_PATH=/opt/ros/humble /usr/bin/cmake /home/abhiyaan-cu/ardc/Automated-Road-Dust-Collector/src/model_pkg -DCMAKE_INSTALL_PREFIX=/home/abhiyaan-cu/ardc/Automated-Road-Dust-Collector/install/model_pkg
[0.469s] Invoking command in '/home/abhiyaan-cu/ardc/Automated-Road-Dust-Collector/build/model_pkg': CMAKE_PREFIX_PATH=/opt/ros/humble /usr/bin/cmake --build /home/abhiyaan-cu/ardc/Automated-Road-Dust-Collector/build/model_pkg -- -j20 -l20
[0.495s] Invoked command in '/home/abhiyaan-cu/ardc/Automated-Road-Dust-Collector/build/model_pkg' returned '0': CMAKE_PREFIX_PATH=/opt/ros/humble /usr/bin/cmake --build /home/abhiyaan-cu/ardc/Automated-Road-Dust-Collector/build/model_pkg -- -j20 -l20
[0.496s] Invoking command in '/home/abhiyaan-cu/ardc/Automated-Road-Dust-Collector/build/model_pkg': CMAKE_PREFIX_PATH=/opt/ros/humble /usr/bin/cmake --install /home/abhiyaan-cu/ardc/Automated-Road-Dust-Collector/build/model_pkg
[0.501s] -- Install configuration: ""
[0.502s] -- Installing: /home/abhiyaan-cu/ardc/Automated-Road-Dust-Collector/install/model_pkg/share/model_pkg/launch
[0.502s] -- Installing: /home/abhiyaan-cu/ardc/Automated-Road-Dust-Collector/install/model_pkg/share/model_pkg/launch/icp_odometry.py
[0.502s] -- Installing: /home/abhiyaan-cu/ardc/Automated-Road-Dust-Collector/install/model_pkg/share/model_pkg/launch/display.launch.py
[0.502s] -- Installing: /home/abhiyaan-cu/ardc/Automated-Road-Dust-Collector/install/model_pkg/share/model_pkg/launch/model_launch.py
[0.502s] -- Installing: /home/abhiyaan-cu/ardc/Automated-Road-Dust-Collector/install/model_pkg/share/model_pkg/model
[0.502s] -- Installing: /home/abhiyaan-cu/ardc/Automated-Road-Dust-Collector/install/model_pkg/share/model_pkg/model/world_bak.world
[0.502s] -- Installing: /home/abhiyaan-cu/ardc/Automated-Road-Dust-Collector/install/model_pkg/share/model_pkg/model/world_simple.world
[0.502s] -- Installing: /home/abhiyaan-cu/ardc/Automated-Road-Dust-Collector/install/model_pkg/share/model_pkg/model/robot.xacro
[0.502s] -- Installing: /home/abhiyaan-cu/ardc/Automated-Road-Dust-Collector/install/model_pkg/share/model_pkg/model/world_igvc.world
[0.502s] -- Installing: /home/abhiyaan-cu/ardc/Automated-Road-Dust-Collector/install/model_pkg/share/model_pkg/model/ardc_urdf.xacro
[0.502s] -- Installing: /home/abhiyaan-cu/ardc/Automated-Road-Dust-Collector/install/model_pkg/share/model_pkg/model/world.bak
[0.502s] -- Installing: /home/abhiyaan-cu/ardc/Automated-Road-Dust-Collector/install/model_pkg/share/model_pkg/model/world.world
[0.502s] -- Installing: /home/abhiyaan-cu/ardc/Automated-Road-Dust-Collector/install/model_pkg/share/model_pkg/config
[0.503s] -- Installing: /home/abhiyaan-cu/ardc/Automated-Road-Dust-Collector/install/model_pkg/share/model_pkg/config/ekf.yaml
[0.503s] -- Installing: /home/abhiyaan-cu/ardc/Automated-Road-Dust-Collector/install/model_pkg/share/model_pkg/config/mapper_params_online_async.yaml
[0.503s] -- Installing: /home/abhiyaan-cu/ardc/Automated-Road-Dust-Collector/install/model_pkg/share/model_pkg/config/twist_mux.yaml
[0.503s] -- Installing: /home/abhiyaan-cu/ardc/Automated-Road-Dust-Collector/install/model_pkg/share/model_pkg/config/nav2_params.yaml
[0.503s] -- Installing: /home/abhiyaan-cu/ardc/Automated-Road-Dust-Collector/install/model_pkg/share/model_pkg/src
[0.503s] -- Installing: /home/abhiyaan-cu/ardc/Automated-Road-Dust-Collector/install/model_pkg/share/model_pkg/src/lane_frame_transform.py
[0.503s] -- Installing: /home/abhiyaan-cu/ardc/Automated-Road-Dust-Collector/install/model_pkg/share/model_pkg/rviz
[0.503s] -- Installing: /home/abhiyaan-cu/ardc/Automated-Road-Dust-Collector/install/model_pkg/share/model_pkg/rviz/rviz_basic_settings.rviz
[0.503s] -- Installing: /home/abhiyaan-cu/ardc/Automated-Road-Dust-Collector/install/model_pkg/share/ament_index/resource_index/package_run_dependencies/model_pkg
[0.503s] -- Installing: /home/abhiyaan-cu/ardc/Automated-Road-Dust-Collector/install/model_pkg/share/ament_index/resource_index/parent_prefix_path/model_pkg
[0.503s] -- Installing: /home/abhiyaan-cu/ardc/Automated-Road-Dust-Collector/install/model_pkg/share/model_pkg/environment/ament_prefix_path.sh
[0.503s] -- Installing: /home/abhiyaan-cu/ardc/Automated-Road-Dust-Collector/install/model_pkg/share/model_pkg/environment/ament_prefix_path.dsv
[0.503s] -- Installing: /home/abhiyaan-cu/ardc/Automated-Road-Dust-Collector/install/model_pkg/share/model_pkg/environment/path.sh
[0.503s] -- Installing: /home/abhiyaan-cu/ardc/Automated-Road-Dust-Collector/install/model_pkg/share/model_pkg/environment/path.dsv
[0.503s] -- Installing: /home/abhiyaan-cu/ardc/Automated-Road-Dust-Collector/install/model_pkg/share/model_pkg/local_setup.bash
[0.503s] -- Installing: /home/abhiyaan-cu/ardc/Automated-Road-Dust-Collector/install/model_pkg/share/model_pkg/local_setup.sh
[0.504s] -- Installing: /home/abhiyaan-cu/ardc/Automated-Road-Dust-Collector/install/model_pkg/share/model_pkg/local_setup.zsh
[0.504s] -- Installing: /home/abhiyaan-cu/ardc/Automated-Road-Dust-Collector/install/model_pkg/share/model_pkg/local_setup.dsv
[0.504s] -- Installing: /home/abhiyaan-cu/ardc/Automated-Road-Dust-Collector/install/model_pkg/share/model_pkg/package.dsv
[0.504s] -- Installing: /home/abhiyaan-cu/ardc/Automated-Road-Dust-Collector/install/model_pkg/share/ament_index/resource_index/packages/model_pkg
[0.504s] -- Installing: /home/abhiyaan-cu/ardc/Automated-Road-Dust-Collector/install/model_pkg/share/model_pkg/cmake/model_pkgConfig.cmake
[0.504s] -- Installing: /home/abhiyaan-cu/ardc/Automated-Road-Dust-Collector/install/model_pkg/share/model_pkg/cmake/model_pkgConfig-version.cmake
[0.504s] -- Installing: /home/abhiyaan-cu/ardc/Automated-Road-Dust-Collector/install/model_pkg/share/model_pkg/package.xml
[0.505s] Invoked command in '/home/abhiyaan-cu/ardc/Automated-Road-Dust-Collector/build/model_pkg' returned '0': CMAKE_PREFIX_PATH=/opt/ros/humble /usr/bin/cmake --install /home/abhiyaan-cu/ardc/Automated-Road-Dust-Collector/build/model_pkg
