[0.023s] Invoking command in '/home/abhiyaan-cu/ardc/Automated-Road-Dust-Collector/build/rviz2_config': CMAKE_PREFIX_PATH=/opt/ros/humble /usr/bin/cmake /home/abhiyaan-cu/ardc/Automated-Road-Dust-Collector/src/LiDAR-Processing-V2/src/rviz2_config -DCMAKE_INSTALL_PREFIX=/home/abhiyaan-cu/ardc/Automated-Road-Dust-Collector/install/rviz2_config
[0.082s] -- The C compiler identification is GNU 11.4.0
[0.140s] -- The CXX compiler identification is GNU 11.4.0
[0.147s] -- Detecting C compiler ABI info
[0.181s] -- Detecting C compiler ABI info - done
[0.185s] -- Check for working C compiler: /usr/lib/ccache/gcc - skipped
[0.185s] -- Detecting C compile features
[0.185s] -- Detecting C compile features - done
[0.188s] -- Detecting CXX compiler ABI info
[0.227s] -- Detecting CXX compiler ABI info - done
[0.231s] -- Check for working CXX compiler: /usr/lib/ccache/g++ - skipped
[0.231s] -- Detecting CXX compile features
[0.232s] -- Detecting CXX compile features - done
[0.234s] -- Found ament_cmake: 1.3.12 (/opt/ros/humble/share/ament_cmake/cmake)
[0.331s] -- Found Python3: /usr/bin/python3 (found version "3.10.12") found components: Interpreter 
[0.431s] -- Configuring done
[0.432s] -- Generating done
[0.433s] -- Build files have been written to: /home/abhiyaan-cu/ardc/Automated-Road-Dust-Collector/build/rviz2_config
[0.438s] Invoked command in '/home/abhiyaan-cu/ardc/Automated-Road-Dust-Collector/build/rviz2_config' returned '0': CMAKE_PREFIX_PATH=/opt/ros/humble /usr/bin/cmake /home/abhiyaan-cu/ardc/Automated-Road-Dust-Collector/src/LiDAR-Processing-V2/src/rviz2_config -DCMAKE_INSTALL_PREFIX=/home/abhiyaan-cu/ardc/Automated-Road-Dust-Collector/install/rviz2_config
[0.438s] Invoking command in '/home/abhiyaan-cu/ardc/Automated-Road-Dust-Collector/build/rviz2_config': CMAKE_PREFIX_PATH=/opt/ros/humble /usr/bin/cmake --build /home/abhiyaan-cu/ardc/Automated-Road-Dust-Collector/build/rviz2_config -- -j20 -l20
[0.467s] Invoked command in '/home/abhiyaan-cu/ardc/Automated-Road-Dust-Collector/build/rviz2_config' returned '0': CMAKE_PREFIX_PATH=/opt/ros/humble /usr/bin/cmake --build /home/abhiyaan-cu/ardc/Automated-Road-Dust-Collector/build/rviz2_config -- -j20 -l20
[0.468s] Invoking command in '/home/abhiyaan-cu/ardc/Automated-Road-Dust-Collector/build/rviz2_config': CMAKE_PREFIX_PATH=/opt/ros/humble /usr/bin/cmake --install /home/abhiyaan-cu/ardc/Automated-Road-Dust-Collector/build/rviz2_config
[0.472s] -- Install configuration: ""
[0.472s] -- Installing: /home/abhiyaan-cu/ardc/Automated-Road-Dust-Collector/install/rviz2_config/share/rviz2_config/config
[0.472s] -- Installing: /home/abhiyaan-cu/ardc/Automated-Road-Dust-Collector/install/rviz2_config/share/rviz2_config/config/rviz2_config.rviz
[0.472s] -- Installing: /home/abhiyaan-cu/ardc/Automated-Road-Dust-Collector/install/rviz2_config/share/ament_index/resource_index/package_run_dependencies/rviz2_config
[0.472s] -- Installing: /home/abhiyaan-cu/ardc/Automated-Road-Dust-Collector/install/rviz2_config/share/ament_index/resource_index/parent_prefix_path/rviz2_config
[0.472s] -- Installing: /home/abhiyaan-cu/ardc/Automated-Road-Dust-Collector/install/rviz2_config/share/rviz2_config/environment/ament_prefix_path.sh
[0.472s] -- Installing: /home/abhiyaan-cu/ardc/Automated-Road-Dust-Collector/install/rviz2_config/share/rviz2_config/environment/ament_prefix_path.dsv
[0.472s] -- Installing: /home/abhiyaan-cu/ardc/Automated-Road-Dust-Collector/install/rviz2_config/share/rviz2_config/environment/path.sh
[0.473s] -- Installing: /home/abhiyaan-cu/ardc/Automated-Road-Dust-Collector/install/rviz2_config/share/rviz2_config/environment/path.dsv
[0.473s] -- Installing: /home/abhiyaan-cu/ardc/Automated-Road-Dust-Collector/install/rviz2_config/share/rviz2_config/local_setup.bash
[0.473s] -- Installing: /home/abhiyaan-cu/ardc/Automated-Road-Dust-Collector/install/rviz2_config/share/rviz2_config/local_setup.sh
[0.473s] -- Installing: /home/abhiyaan-cu/ardc/Automated-Road-Dust-Collector/install/rviz2_config/share/rviz2_config/local_setup.zsh
[0.473s] -- Installing: /home/abhiyaan-cu/ardc/Automated-Road-Dust-Collector/install/rviz2_config/share/rviz2_config/local_setup.dsv
[0.473s] -- Installing: /home/abhiyaan-cu/ardc/Automated-Road-Dust-Collector/install/rviz2_config/share/rviz2_config/package.dsv
[0.473s] -- Installing: /home/abhiyaan-cu/ardc/Automated-Road-Dust-Collector/install/rviz2_config/share/ament_index/resource_index/packages/rviz2_config
[0.473s] -- Installing: /home/abhiyaan-cu/ardc/Automated-Road-Dust-Collector/install/rviz2_config/share/rviz2_config/cmake/rviz2_configConfig.cmake
[0.473s] -- Installing: /home/abhiyaan-cu/ardc/Automated-Road-Dust-Collector/install/rviz2_config/share/rviz2_config/cmake/rviz2_configConfig-version.cmake
[0.473s] -- Installing: /home/abhiyaan-cu/ardc/Automated-Road-Dust-Collector/install/rviz2_config/share/rviz2_config/package.xml
[0.484s] Invoked command in '/home/abhiyaan-cu/ardc/Automated-Road-Dust-Collector/build/rviz2_config' returned '0': CMAKE_PREFIX_PATH=/opt/ros/humble /usr/bin/cmake --install /home/abhiyaan-cu/ardc/Automated-Road-Dust-Collector/build/rviz2_config
