[0.022s] Invoking command in '/home/abhiyaan-cu/ardc/Automated-Road-Dust-Collector/build/realsense_ros_gazebo': CMAKE_PREFIX_PATH=/opt/ros/humble /usr/bin/cmake /home/abhiyaan-cu/ardc/Automated-Road-Dust-Collector/src/realsense_ros_gazebo -DCMAKE_INSTALL_PREFIX=/home/abhiyaan-cu/ardc/Automated-Road-Dust-Collector/install/realsense_ros_gazebo
[0.083s] -- The C compiler identification is GNU 11.4.0
[0.141s] -- The CXX compiler identification is GNU 11.4.0
[0.148s] -- Detecting C compiler ABI info
[0.182s] -- Detecting C compiler ABI info - done
[0.186s] -- Check for working C compiler: /usr/lib/ccache/gcc - skipped
[0.187s] -- Detecting C compile features
[0.187s] -- Detecting C compile features - done
[0.190s] -- Detecting CXX compiler ABI info
[0.229s] -- Detecting CXX compiler ABI info - done
[0.233s] -- Check for working CXX compiler: /usr/lib/ccache/g++ - skipped
[0.233s] -- Detecting CXX compile features
[0.234s] -- Detecting CXX compile features - done
[0.236s] -- Found ament_cmake: 1.3.12 (/opt/ros/humble/share/ament_cmake/cmake)
[0.340s] -- Found Python3: /usr/bin/python3 (found version "3.10.12") found components: Interpreter 
[0.397s] -- Found rclcpp: 16.0.15 (/opt/ros/humble/share/rclcpp/cmake)
[0.432s] -- Found rosidl_generator_c: 3.1.7 (/opt/ros/humble/share/rosidl_generator_c/cmake)
[0.437s] -- Found rosidl_adapter: 3.1.7 (/opt/ros/humble/share/rosidl_adapter/cmake)
[0.447s] -- Found rosidl_generator_cpp: 3.1.7 (/opt/ros/humble/share/rosidl_generator_cpp/cmake)
[0.458s] -- Using all available rosidl_typesupport_c: rosidl_typesupport_fastrtps_c;rosidl_typesupport_introspection_c
[0.468s] -- Using all available rosidl_typesupport_cpp: rosidl_typesupport_fastrtps_cpp;rosidl_typesupport_introspection_cpp
[0.502s] -- Found rmw_implementation_cmake: 6.1.2 (/opt/ros/humble/share/rmw_implementation_cmake/cmake)
[0.504s] -- Found rmw_cyclonedds_cpp: 1.3.4 (/opt/ros/humble/share/rmw_cyclonedds_cpp/cmake)
[0.523s] -- Using RMW implementation 'rmw_cyclonedds_cpp' as default
[0.529s] -- Looking for pthread.h
[0.583s] -- Looking for pthread.h - found
[0.583s] -- Performing Test CMAKE_HAVE_LIBC_PTHREAD
[0.636s] -- Performing Test CMAKE_HAVE_LIBC_PTHREAD - Success
[0.637s] -- Found Threads: TRUE  
[0.674s] -- Found gazebo_ros: 3.9.0 (/opt/ros/humble/share/gazebo_ros/cmake)
[0.682s] -- Found PkgConfig: /usr/bin/pkg-config (found version "0.29.2") 
[0.682s] -- Checking for module 'bullet>=2.82'
[0.690s] --   Found bullet, version 3.05
[0.750s] -- Found fcl: /usr/include (found suitable version "0.7.0", minimum required is "0.5.0") 
[0.778s] -- Found assimp: /usr/include (found version "5.2.0") 
[0.790s] -- Found DART: /usr/include (Required is at least version "6.6") found components: dart 
[0.812s] -- Found Boost: /usr/lib/x86_64-linux-gnu/cmake/Boost-1.74.0/BoostConfig.cmake (found suitable version "1.74.0", minimum required is "1.40.0") found components: thread system filesystem program_options regex iostreams date_time 
[0.824s] -- Found Protobuf: /usr/lib/x86_64-linux-gnu/libprotobuf.so (found version "3.12.4") 
[0.827s] -- Looking for ignition-math6 -- found version 6.15.1
[0.833s] -- Searching for dependencies of ignition-math6
[0.834s] -- Looking for OGRE...
[0.835s] -- OGRE_PREFIX_WATCH changed.
[0.838s] -- Checking for module 'OGRE'
[0.846s] --   Found OGRE, version 1.9.0
[0.864s] -- Found Ogre Ghadamon (1.9.0)
[0.871s] -- Found OGRE: optimized;/usr/lib/x86_64-linux-gnu/libOgreMain.so;debug;/usr/lib/x86_64-linux-gnu/libOgreMain.so
[0.877s] -- Looking for OGRE_Paging...
[0.881s] -- Found OGRE_Paging: optimized;/usr/lib/x86_64-linux-gnu/libOgrePaging.so;debug;/usr/lib/x86_64-linux-gnu/libOgrePaging.so
[0.881s] -- Looking for OGRE_Terrain...
[0.884s] -- Found OGRE_Terrain: optimized;/usr/lib/x86_64-linux-gnu/libOgreTerrain.so;debug;/usr/lib/x86_64-linux-gnu/libOgreTerrain.so
[0.884s] -- Looking for OGRE_Property...
[0.886s] -- Found OGRE_Property: optimized;/usr/lib/x86_64-linux-gnu/libOgreProperty.so;debug;/usr/lib/x86_64-linux-gnu/libOgreProperty.so
[0.887s] -- Looking for OGRE_RTShaderSystem...
[0.889s] -- Found OGRE_RTShaderSystem: optimized;/usr/lib/x86_64-linux-gnu/libOgreRTShaderSystem.so;debug;/usr/lib/x86_64-linux-gnu/libOgreRTShaderSystem.so
[0.889s] -- Looking for OGRE_Volume...
[0.892s] -- Found OGRE_Volume: optimized;/usr/lib/x86_64-linux-gnu/libOgreVolume.so;debug;/usr/lib/x86_64-linux-gnu/libOgreVolume.so
[0.892s] -- Looking for OGRE_Overlay...
[0.895s] -- Found OGRE_Overlay: optimized;/usr/lib/x86_64-linux-gnu/libOgreOverlay.so;debug;/usr/lib/x86_64-linux-gnu/libOgreOverlay.so
[0.955s] -- Looking for ignition-math6 -- found version 6.15.1
[0.956s] -- Looking for ignition-transport8 -- found version 8.2.1
[0.957s] -- Searching for dependencies of ignition-transport8
[0.967s] -- Found Protobuf: /usr/lib/x86_64-linux-gnu/libprotobuf.so (found suitable version "3.12.4", minimum required is "3") 
[0.973s] -- Config-file not installed for ZeroMQ -- checking for pkg-config
[0.976s] -- Checking for module 'libzmq >= 4'
[0.984s] --   Found libzmq , version 4.3.4
[1.005s] -- Found ZeroMQ: TRUE (Required is at least version "4") 
[1.009s] -- Checking for module 'uuid'
[1.015s] --   Found uuid, version 2.37.2
[1.034s] -- Found UUID: TRUE  
[1.035s] -- Looking for ignition-msgs5 -- found version 5.8.1
[1.036s] -- Searching for dependencies of ignition-msgs5
[1.047s] -- Looking for ignition-math6 -- found version 6.15.1
[1.050s] -- Checking for module 'tinyxml2'
[1.058s] --   Found tinyxml2, version 9.0.0
[1.078s] -- Looking for ignition-msgs5 -- found version 5.8.1
[1.079s] -- Looking for ignition-common3 -- found version 3.14.0
[1.079s] -- Searching for dependencies of ignition-common3
[1.080s] -- Looking for dlfcn.h - found
[1.080s] -- Looking for libdl - found
[1.081s] -- Found DL: TRUE  
[1.089s] -- Found tinyobjloader: /usr/lib/x86_64-linux-gnu/cmake/tinyobjloader/tinyobjloader-config.cmake (found version "2.0.0") 
[1.090s] -- Searching for <ignition-common3> component [graphics]
[1.091s] -- Looking for ignition-common3-graphics -- found version 3.14.0
[1.092s] -- Searching for dependencies of ignition-common3-graphics
[1.092s] -- Looking for ignition-math6 -- found version 6.15.1
[1.094s] -- Looking for ignition-fuel_tools4 -- found version 4.4.0
[1.094s] -- Searching for dependencies of ignition-fuel_tools4
[1.141s] -- Found CURL: /usr/lib/x86_64-linux-gnu/libcurl.so (found version "7.81.0")  
[1.147s] -- Checking for module 'jsoncpp'
[1.156s] --   Found jsoncpp, version 1.9.5
[1.177s] -- Found JSONCPP: TRUE  
[1.180s] -- Checking for module 'libzip'
[1.189s] --   Found libzip, version 1.7.3
[1.208s] -- Found ZIP: TRUE  
[1.208s] -- Looking for ignition-common3 -- found version 3.14.0
[1.209s] -- Looking for ignition-math6 -- found version 6.15.1
[1.209s] -- Looking for ignition-msgs5 -- found version 5.8.1
[1.211s] -- Gazebo version: 11.10
[1.211s] -- Checking for module 'tbb'
[1.219s] --   Found tbb, version 2021.5.0
[1.241s] -- Found image_transport: 3.1.12 (/opt/ros/humble/share/image_transport/cmake)
[1.279s] -- Found camera_info_manager: 3.1.12 (/opt/ros/humble/share/camera_info_manager/cmake)
[1.291s] -- Found ament_lint_auto: 0.12.14 (/opt/ros/humble/share/ament_lint_auto/cmake)
[1.341s] -- Added test 'copyright' to check source files copyright and LICENSE
[1.342s] -- Added test 'cppcheck' to perform static code analysis on C / C++ code
[1.343s] -- Configured cppcheck include dirs: /home/abhiyaan-cu/ardc/Automated-Road-Dust-Collector/src/realsense_ros_gazebo/include
[1.343s] -- Configured cppcheck exclude dirs and/or files: 
[1.344s] -- Added test 'cpplint' to check C / C++ code against the Google style
[1.344s] -- Configured cpplint exclude dirs and/or files: 
[1.345s] -- Added test 'lint_cmake' to check CMake code style
[1.347s] -- Added test 'uncrustify' to check C / C++ code style
[1.347s] -- Configured uncrustify additional arguments: 
[1.347s] -- Added test 'xmllint' to check XML markup files
[1.348s] -- Configuring done
[1.360s] -- Generating done
[1.363s] -- Build files have been written to: /home/abhiyaan-cu/ardc/Automated-Road-Dust-Collector/build/realsense_ros_gazebo
[1.372s] Invoked command in '/home/abhiyaan-cu/ardc/Automated-Road-Dust-Collector/build/realsense_ros_gazebo' returned '0': CMAKE_PREFIX_PATH=/opt/ros/humble /usr/bin/cmake /home/abhiyaan-cu/ardc/Automated-Road-Dust-Collector/src/realsense_ros_gazebo -DCMAKE_INSTALL_PREFIX=/home/abhiyaan-cu/ardc/Automated-Road-Dust-Collector/install/realsense_ros_gazebo
[1.373s] Invoking command in '/home/abhiyaan-cu/ardc/Automated-Road-Dust-Collector/build/realsense_ros_gazebo': CMAKE_PREFIX_PATH=/opt/ros/humble /usr/bin/cmake --build /home/abhiyaan-cu/ardc/Automated-Road-Dust-Collector/build/realsense_ros_gazebo -- -j20 -l20
[1.405s] [ 66%] [32mBuilding CXX object CMakeFiles/realsense_gazebo_plugin.dir/src/RealSensePlugin.cpp.o[0m
[1.405s] [ 66%] [32mBuilding CXX object CMakeFiles/realsense_gazebo_plugin.dir/src/gazebo_ros_realsense.cpp.o[0m
[16.787s] [100%] [32m[1mLinking CXX shared library librealsense_gazebo_plugin.so[0m
[17.193s] [100%] Built target realsense_gazebo_plugin
