-- Install configuration: ""
-- Up-to-date: /home/abhiyaan-cu/ardc/Automated-Road-Dust-Collector/install/model_pkg/share/model_pkg/launch
-- Up-to-date: /home/abhiyaan-cu/ardc/Automated-Road-Dust-Collector/install/model_pkg/share/model_pkg/launch/icp_odometry.py
-- Up-to-date: /home/abhiyaan-cu/ardc/Automated-Road-Dust-Collector/install/model_pkg/share/model_pkg/launch/display.launch.py
-- Up-to-date: /home/abhiyaan-cu/ardc/Automated-Road-Dust-Collector/install/model_pkg/share/model_pkg/launch/model_launch.py
-- Up-to-date: /home/abhiyaan-cu/ardc/Automated-Road-Dust-Collector/install/model_pkg/share/model_pkg/model
-- Up-to-date: /home/abhiyaan-cu/ardc/Automated-Road-Dust-Collector/install/model_pkg/share/model_pkg/model/world_bak.world
-- Up-to-date: /home/abhiyaan-cu/ardc/Automated-Road-Dust-Collector/install/model_pkg/share/model_pkg/model/world_simple.world
-- Up-to-date: /home/abhiyaan-cu/ardc/Automated-Road-Dust-Collector/install/model_pkg/share/model_pkg/model/robot.xacro
-- Up-to-date: /home/abhiyaan-cu/ardc/Automated-Road-Dust-Collector/install/model_pkg/share/model_pkg/model/world_igvc.world
-- Up-to-date: /home/abhiyaan-cu/ardc/Automated-Road-Dust-Collector/install/model_pkg/share/model_pkg/model/ardc_urdf.xacro
-- Up-to-date: /home/abhiyaan-cu/ardc/Automated-Road-Dust-Collector/install/model_pkg/share/model_pkg/model/world.bak
-- Up-to-date: /home/abhiyaan-cu/ardc/Automated-Road-Dust-Collector/install/model_pkg/share/model_pkg/model/world.world
-- Up-to-date: /home/abhiyaan-cu/ardc/Automated-Road-Dust-Collector/install/model_pkg/share/model_pkg/config
-- Up-to-date: /home/abhiyaan-cu/ardc/Automated-Road-Dust-Collector/install/model_pkg/share/model_pkg/config/ekf.yaml
-- Up-to-date: /home/abhiyaan-cu/ardc/Automated-Road-Dust-Collector/install/model_pkg/share/model_pkg/config/mapper_params_online_async.yaml
-- Up-to-date: /home/abhiyaan-cu/ardc/Automated-Road-Dust-Collector/install/model_pkg/share/model_pkg/config/twist_mux.yaml
-- Up-to-date: /home/abhiyaan-cu/ardc/Automated-Road-Dust-Collector/install/model_pkg/share/model_pkg/config/nav2_params.yaml
-- Up-to-date: /home/abhiyaan-cu/ardc/Automated-Road-Dust-Collector/install/model_pkg/share/model_pkg/src
-- Up-to-date: /home/abhiyaan-cu/ardc/Automated-Road-Dust-Collector/install/model_pkg/share/model_pkg/src/lane_frame_transform.py
-- Up-to-date: /home/abhiyaan-cu/ardc/Automated-Road-Dust-Collector/install/model_pkg/share/model_pkg/rviz
-- Up-to-date: /home/abhiyaan-cu/ardc/Automated-Road-Dust-Collector/install/model_pkg/share/model_pkg/rviz/rviz_basic_settings.rviz
-- Up-to-date: /home/abhiyaan-cu/ardc/Automated-Road-Dust-Collector/install/model_pkg/share/ament_index/resource_index/package_run_dependencies/model_pkg
-- Up-to-date: /home/abhiyaan-cu/ardc/Automated-Road-Dust-Collector/install/model_pkg/share/ament_index/resource_index/parent_prefix_path/model_pkg
-- Up-to-date: /home/abhiyaan-cu/ardc/Automated-Road-Dust-Collector/install/model_pkg/share/model_pkg/environment/ament_prefix_path.sh
-- Up-to-date: /home/abhiyaan-cu/ardc/Automated-Road-Dust-Collector/install/model_pkg/share/model_pkg/environment/ament_prefix_path.dsv
-- Up-to-date: /home/abhiyaan-cu/ardc/Automated-Road-Dust-Collector/install/model_pkg/share/model_pkg/environment/path.sh
-- Up-to-date: /home/abhiyaan-cu/ardc/Automated-Road-Dust-Collector/install/model_pkg/share/model_pkg/environment/path.dsv
-- Up-to-date: /home/abhiyaan-cu/ardc/Automated-Road-Dust-Collector/install/model_pkg/share/model_pkg/local_setup.bash
-- Up-to-date: /home/abhiyaan-cu/ardc/Automated-Road-Dust-Collector/install/model_pkg/share/model_pkg/local_setup.sh
-- Up-to-date: /home/abhiyaan-cu/ardc/Automated-Road-Dust-Collector/install/model_pkg/share/model_pkg/local_setup.zsh
-- Up-to-date: /home/abhiyaan-cu/ardc/Automated-Road-Dust-Collector/install/model_pkg/share/model_pkg/local_setup.dsv
-- Up-to-date: /home/abhiyaan-cu/ardc/Automated-Road-Dust-Collector/install/model_pkg/share/model_pkg/package.dsv
-- Up-to-date: /home/abhiyaan-cu/ardc/Automated-Road-Dust-Collector/install/model_pkg/share/ament_index/resource_index/packages/model_pkg
-- Up-to-date: /home/abhiyaan-cu/ardc/Automated-Road-Dust-Collector/install/model_pkg/share/model_pkg/cmake/model_pkgConfig.cmake
-- Up-to-date: /home/abhiyaan-cu/ardc/Automated-Road-Dust-Collector/install/model_pkg/share/model_pkg/cmake/model_pkgConfig-version.cmake
-- Up-to-date: /home/abhiyaan-cu/ardc/Automated-Road-Dust-Collector/install/model_pkg/share/model_pkg/package.xml
