[0.008s] Invoking command in '/home/abhiyaan-cu/ardc/Automated-Road-Dust-Collector/build/model_pkg': CMAKE_PREFIX_PATH=/opt/ros/humble /usr/bin/cmake --build /home/abhiyaan-cu/ardc/Automated-Road-Dust-Collector/build/model_pkg -- -j20 -l20
[0.029s] Invoked command in '/home/abhiyaan-cu/ardc/Automated-Road-Dust-Collector/build/model_pkg' returned '0': CMAKE_PREFIX_PATH=/opt/ros/humble /usr/bin/cmake --build /home/abhiyaan-cu/ardc/Automated-Road-Dust-Collector/build/model_pkg -- -j20 -l20
[0.034s] Invoking command in '/home/abhiyaan-cu/ardc/Automated-Road-Dust-Collector/build/model_pkg': CMAKE_PREFIX_PATH=/opt/ros/humble /usr/bin/cmake --install /home/abhiyaan-cu/ardc/Automated-Road-Dust-Collector/build/model_pkg
[0.038s] -- Install configuration: ""
[0.038s] -- Up-to-date: /home/abhiyaan-cu/ardc/Automated-Road-Dust-Collector/install/model_pkg/share/model_pkg/launch
[0.038s] -- Up-to-date: /home/abhiyaan-cu/ardc/Automated-Road-Dust-Collector/install/model_pkg/share/model_pkg/launch/icp_odometry.py
[0.038s] -- Up-to-date: /home/abhiyaan-cu/ardc/Automated-Road-Dust-Collector/install/model_pkg/share/model_pkg/launch/display.launch.py
[0.038s] -- Up-to-date: /home/abhiyaan-cu/ardc/Automated-Road-Dust-Collector/install/model_pkg/share/model_pkg/launch/model_launch.py
[0.038s] -- Up-to-date: /home/abhiyaan-cu/ardc/Automated-Road-Dust-Collector/install/model_pkg/share/model_pkg/model
[0.038s] -- Up-to-date: /home/abhiyaan-cu/ardc/Automated-Road-Dust-Collector/install/model_pkg/share/model_pkg/model/world_bak.world
[0.038s] -- Up-to-date: /home/abhiyaan-cu/ardc/Automated-Road-Dust-Collector/install/model_pkg/share/model_pkg/model/world_simple.world
[0.038s] -- Up-to-date: /home/abhiyaan-cu/ardc/Automated-Road-Dust-Collector/install/model_pkg/share/model_pkg/model/robot.xacro
[0.038s] -- Up-to-date: /home/abhiyaan-cu/ardc/Automated-Road-Dust-Collector/install/model_pkg/share/model_pkg/model/world_igvc.world
[0.038s] -- Up-to-date: /home/abhiyaan-cu/ardc/Automated-Road-Dust-Collector/install/model_pkg/share/model_pkg/model/ardc_urdf.xacro
[0.038s] -- Up-to-date: /home/abhiyaan-cu/ardc/Automated-Road-Dust-Collector/install/model_pkg/share/model_pkg/model/world.bak
[0.038s] -- Up-to-date: /home/abhiyaan-cu/ardc/Automated-Road-Dust-Collector/install/model_pkg/share/model_pkg/model/world.world
[0.038s] -- Up-to-date: /home/abhiyaan-cu/ardc/Automated-Road-Dust-Collector/install/model_pkg/share/model_pkg/config
[0.039s] -- Up-to-date: /home/abhiyaan-cu/ardc/Automated-Road-Dust-Collector/install/model_pkg/share/model_pkg/config/ekf.yaml
[0.039s] -- Up-to-date: /home/abhiyaan-cu/ardc/Automated-Road-Dust-Collector/install/model_pkg/share/model_pkg/config/mapper_params_online_async.yaml
[0.039s] -- Up-to-date: /home/abhiyaan-cu/ardc/Automated-Road-Dust-Collector/install/model_pkg/share/model_pkg/config/twist_mux.yaml
[0.039s] -- Up-to-date: /home/abhiyaan-cu/ardc/Automated-Road-Dust-Collector/install/model_pkg/share/model_pkg/config/nav2_params.yaml
[0.039s] -- Up-to-date: /home/abhiyaan-cu/ardc/Automated-Road-Dust-Collector/install/model_pkg/share/model_pkg/src
[0.039s] -- Up-to-date: /home/abhiyaan-cu/ardc/Automated-Road-Dust-Collector/install/model_pkg/share/model_pkg/src/lane_frame_transform.py
[0.039s] -- Up-to-date: /home/abhiyaan-cu/ardc/Automated-Road-Dust-Collector/install/model_pkg/share/model_pkg/rviz
[0.039s] -- Up-to-date: /home/abhiyaan-cu/ardc/Automated-Road-Dust-Collector/install/model_pkg/share/model_pkg/rviz/rviz_basic_settings.rviz
[0.039s] -- Up-to-date: /home/abhiyaan-cu/ardc/Automated-Road-Dust-Collector/install/model_pkg/share/ament_index/resource_index/package_run_dependencies/model_pkg
[0.039s] -- Up-to-date: /home/abhiyaan-cu/ardc/Automated-Road-Dust-Collector/install/model_pkg/share/ament_index/resource_index/parent_prefix_path/model_pkg
[0.039s] -- Up-to-date: /home/abhiyaan-cu/ardc/Automated-Road-Dust-Collector/install/model_pkg/share/model_pkg/environment/ament_prefix_path.sh
[0.039s] -- Up-to-date: /home/abhiyaan-cu/ardc/Automated-Road-Dust-Collector/install/model_pkg/share/model_pkg/environment/ament_prefix_path.dsv
[0.039s] -- Up-to-date: /home/abhiyaan-cu/ardc/Automated-Road-Dust-Collector/install/model_pkg/share/model_pkg/environment/path.sh
[0.039s] -- Up-to-date: /home/abhiyaan-cu/ardc/Automated-Road-Dust-Collector/install/model_pkg/share/model_pkg/environment/path.dsv
[0.039s] -- Up-to-date: /home/abhiyaan-cu/ardc/Automated-Road-Dust-Collector/install/model_pkg/share/model_pkg/local_setup.bash
[0.039s] -- Up-to-date: /home/abhiyaan-cu/ardc/Automated-Road-Dust-Collector/install/model_pkg/share/model_pkg/local_setup.sh
[0.039s] -- Up-to-date: /home/abhiyaan-cu/ardc/Automated-Road-Dust-Collector/install/model_pkg/share/model_pkg/local_setup.zsh
[0.039s] -- Up-to-date: /home/abhiyaan-cu/ardc/Automated-Road-Dust-Collector/install/model_pkg/share/model_pkg/local_setup.dsv
[0.039s] -- Up-to-date: /home/abhiyaan-cu/ardc/Automated-Road-Dust-Collector/install/model_pkg/share/model_pkg/package.dsv
[0.039s] -- Up-to-date: /home/abhiyaan-cu/ardc/Automated-Road-Dust-Collector/install/model_pkg/share/ament_index/resource_index/packages/model_pkg
[0.039s] -- Up-to-date: /home/abhiyaan-cu/ardc/Automated-Road-Dust-Collector/install/model_pkg/share/model_pkg/cmake/model_pkgConfig.cmake
[0.039s] -- Up-to-date: /home/abhiyaan-cu/ardc/Automated-Road-Dust-Collector/install/model_pkg/share/model_pkg/cmake/model_pkgConfig-version.cmake
[0.039s] -- Up-to-date: /home/abhiyaan-cu/ardc/Automated-Road-Dust-Collector/install/model_pkg/share/model_pkg/package.xml
[0.040s] Invoked command in '/home/abhiyaan-cu/ardc/Automated-Road-Dust-Collector/build/model_pkg' returned '0': CMAKE_PREFIX_PATH=/opt/ros/humble /usr/bin/cmake --install /home/abhiyaan-cu/ardc/Automated-Road-Dust-Collector/build/model_pkg
