[0.013s] Invoking command in '/home/abhiyaan-cu/ardc/Automated-Road-Dust-Collector/build/launch_pkg': CMAKE_PREFIX_PATH=/opt/ros/humble /usr/bin/cmake /home/abhiyaan-cu/ardc/Automated-Road-Dust-Collector/src/LiDAR-Processing-V2/src/launch_pkg -DCMAKE_INSTALL_PREFIX=/home/abhiyaan-cu/ardc/Automated-Road-Dust-Collector/install/launch_pkg
[0.087s] -- The C compiler identification is GNU 11.4.0
[0.144s] -- The CXX compiler identification is GNU 11.4.0
[0.152s] -- Detecting C compiler ABI info
[0.189s] -- Detecting C compiler ABI info - done
[0.193s] -- Check for working C compiler: /usr/lib/ccache/gcc - skipped
[0.193s] -- Detecting C compile features
[0.193s] -- Detecting C compile features - done
[0.195s] -- Detecting CXX compiler ABI info
[0.235s] -- Detecting CXX compiler ABI info - done
[0.239s] -- Check for working CXX compiler: /usr/lib/ccache/g++ - skipped
[0.240s] -- Detecting CXX compile features
[0.240s] -- Detecting CXX compile features - done
[0.241s] -- Found ament_cmake: 1.3.12 (/opt/ros/humble/share/ament_cmake/cmake)
[0.334s] -- Found Python3: /usr/bin/python3 (found version "3.10.12") found components: Interpreter 
[0.436s] -- Configuring done
[0.437s] -- Generating done
[0.438s] -- Build files have been written to: /home/abhiyaan-cu/ardc/Automated-Road-Dust-Collector/build/launch_pkg
[0.441s] Invoked command in '/home/abhiyaan-cu/ardc/Automated-Road-Dust-Collector/build/launch_pkg' returned '0': CMAKE_PREFIX_PATH=/opt/ros/humble /usr/bin/cmake /home/abhiyaan-cu/ardc/Automated-Road-Dust-Collector/src/LiDAR-Processing-V2/src/launch_pkg -DCMAKE_INSTALL_PREFIX=/home/abhiyaan-cu/ardc/Automated-Road-Dust-Collector/install/launch_pkg
[0.442s] Invoking command in '/home/abhiyaan-cu/ardc/Automated-Road-Dust-Collector/build/launch_pkg': CMAKE_PREFIX_PATH=/opt/ros/humble /usr/bin/cmake --build /home/abhiyaan-cu/ardc/Automated-Road-Dust-Collector/build/launch_pkg -- -j20 -l20
[0.463s] Invoked command in '/home/abhiyaan-cu/ardc/Automated-Road-Dust-Collector/build/launch_pkg' returned '0': CMAKE_PREFIX_PATH=/opt/ros/humble /usr/bin/cmake --build /home/abhiyaan-cu/ardc/Automated-Road-Dust-Collector/build/launch_pkg -- -j20 -l20
[0.469s] Invoking command in '/home/abhiyaan-cu/ardc/Automated-Road-Dust-Collector/build/launch_pkg': CMAKE_PREFIX_PATH=/opt/ros/humble /usr/bin/cmake --install /home/abhiyaan-cu/ardc/Automated-Road-Dust-Collector/build/launch_pkg
[0.474s] -- Install configuration: ""
[0.474s] -- Installing: /home/abhiyaan-cu/ardc/Automated-Road-Dust-Collector/install/launch_pkg/share/launch_pkg/global_launch.py
[0.474s] -- Installing: /home/abhiyaan-cu/ardc/Automated-Road-Dust-Collector/install/launch_pkg/share/ament_index/resource_index/package_run_dependencies/launch_pkg
[0.474s] -- Installing: /home/abhiyaan-cu/ardc/Automated-Road-Dust-Collector/install/launch_pkg/share/ament_index/resource_index/parent_prefix_path/launch_pkg
[0.474s] -- Installing: /home/abhiyaan-cu/ardc/Automated-Road-Dust-Collector/install/launch_pkg/share/launch_pkg/environment/ament_prefix_path.sh
[0.474s] -- Installing: /home/abhiyaan-cu/ardc/Automated-Road-Dust-Collector/install/launch_pkg/share/launch_pkg/environment/ament_prefix_path.dsv
[0.474s] -- Installing: /home/abhiyaan-cu/ardc/Automated-Road-Dust-Collector/install/launch_pkg/share/launch_pkg/environment/path.sh
[0.474s] -- Installing: /home/abhiyaan-cu/ardc/Automated-Road-Dust-Collector/install/launch_pkg/share/launch_pkg/environment/path.dsv
[0.475s] -- Installing: /home/abhiyaan-cu/ardc/Automated-Road-Dust-Collector/install/launch_pkg/share/launch_pkg/local_setup.bash
[0.475s] -- Installing: /home/abhiyaan-cu/ardc/Automated-Road-Dust-Collector/install/launch_pkg/share/launch_pkg/local_setup.sh
[0.475s] -- Installing: /home/abhiyaan-cu/ardc/Automated-Road-Dust-Collector/install/launch_pkg/share/launch_pkg/local_setup.zsh
[0.475s] -- Installing: /home/abhiyaan-cu/ardc/Automated-Road-Dust-Collector/install/launch_pkg/share/launch_pkg/local_setup.dsv
[0.475s] -- Installing: /home/abhiyaan-cu/ardc/Automated-Road-Dust-Collector/install/launch_pkg/share/launch_pkg/package.dsv
[0.475s] -- Installing: /home/abhiyaan-cu/ardc/Automated-Road-Dust-Collector/install/launch_pkg/share/ament_index/resource_index/packages/launch_pkg
[0.475s] -- Installing: /home/abhiyaan-cu/ardc/Automated-Road-Dust-Collector/install/launch_pkg/share/launch_pkg/cmake/launch_pkgConfig.cmake
[0.475s] -- Installing: /home/abhiyaan-cu/ardc/Automated-Road-Dust-Collector/install/launch_pkg/share/launch_pkg/cmake/launch_pkgConfig-version.cmake
[0.475s] -- Installing: /home/abhiyaan-cu/ardc/Automated-Road-Dust-Collector/install/launch_pkg/share/launch_pkg/package.xml
[0.476s] Invoked command in '/home/abhiyaan-cu/ardc/Automated-Road-Dust-Collector/build/launch_pkg' returned '0': CMAKE_PREFIX_PATH=/opt/ros/humble /usr/bin/cmake --install /home/abhiyaan-cu/ardc/Automated-Road-Dust-Collector/build/launch_pkg
