[0.058s] DEBUG:colcon:Command line arguments: ['/usr/bin/colcon', 'build']
[0.058s] DEBUG:colcon:Parsed command line arguments: Namespace(log_base=None, log_level=None, verb_name='build', build_base='build', install_base='install', merge_install=False, symlink_install=False, test_result_base=None, continue_on_error=False, executor='parallel', parallel_workers=20, event_handlers=None, ignore_user_meta=False, metas=['./colcon.meta'], base_paths=['.'], packages_ignore=None, packages_ignore_regex=None, paths=None, packages_up_to=None, packages_up_to_regex=None, packages_above=None, packages_above_and_dependencies=None, packages_above_depth=None, packages_select_by_dep=None, packages_skip_by_dep=None, packages_skip_up_to=None, packages_select_build_failed=False, packages_skip_build_finished=False, packages_select_test_failures=False, packages_skip_test_passed=False, packages_select=None, packages_skip=None, packages_select_regex=None, packages_skip_regex=None, packages_start=None, packages_end=None, cmake_args=None, cmake_target=None, cmake_target_skip_unavailable=False, cmake_clean_cache=False, cmake_clean_first=False, cmake_force_configure=False, ament_cmake_args=None, catkin_cmake_args=None, catkin_skip_building_tests=False, mixin_files=None, mixin=None, verb_parser=<colcon_mixin.mixin.mixin_argument.MixinArgumentDecorator object at 0x7b8c7c2b86a0>, verb_extension=<colcon_core.verb.build.BuildVerb object at 0x7b8c7c2b8160>, main=<bound method BuildVerb.main of <colcon_core.verb.build.BuildVerb object at 0x7b8c7c2b8160>>, mixin_verb=('build',))
[0.165s] Level 1:colcon.colcon_core.package_discovery:discover_packages(colcon_meta) check parameters
[0.165s] Level 1:colcon.colcon_core.package_discovery:discover_packages(recursive) check parameters
[0.165s] Level 1:colcon.colcon_core.package_discovery:discover_packages(ignore) check parameters
[0.165s] Level 1:colcon.colcon_core.package_discovery:discover_packages(path) check parameters
[0.165s] Level 1:colcon.colcon_core.package_discovery:discover_packages(colcon_meta) discover
[0.165s] Level 1:colcon.colcon_core.package_discovery:discover_packages(recursive) discover
[0.165s] INFO:colcon.colcon_core.package_discovery:Crawling recursively for packages in '/home/abhiyaan-cu/ardc/Automated-Road-Dust-Collector'
[0.165s] Level 1:colcon.colcon_core.package_identification:_identify(.) by extensions ['ignore', 'ignore_ament_install']
[0.165s] Level 1:colcon.colcon_core.package_identification:_identify(.) by extension 'ignore'
[0.165s] Level 1:colcon.colcon_core.package_identification:_identify(.) by extension 'ignore_ament_install'
[0.165s] Level 1:colcon.colcon_core.package_identification:_identify(.) by extensions ['colcon_pkg']
[0.165s] Level 1:colcon.colcon_core.package_identification:_identify(.) by extension 'colcon_pkg'
[0.165s] Level 1:colcon.colcon_core.package_identification:_identify(.) by extensions ['colcon_meta']
[0.165s] Level 1:colcon.colcon_core.package_identification:_identify(.) by extension 'colcon_meta'
[0.165s] Level 1:colcon.colcon_core.package_identification:_identify(.) by extensions ['ros']
[0.165s] Level 1:colcon.colcon_core.package_identification:_identify(.) by extension 'ros'
[0.171s] Level 1:colcon.colcon_core.package_identification:_identify(.) by extensions ['cmake', 'python']
[0.171s] Level 1:colcon.colcon_core.package_identification:_identify(.) by extension 'cmake'
[0.171s] Level 1:colcon.colcon_core.package_identification:_identify(.) by extension 'python'
[0.171s] Level 1:colcon.colcon_core.package_identification:_identify(.) by extensions ['python_setup_py']
[0.171s] Level 1:colcon.colcon_core.package_identification:_identify(.) by extension 'python_setup_py'
[0.171s] Level 1:colcon.colcon_core.package_identification:_identify(build) by extensions ['ignore', 'ignore_ament_install']
[0.171s] Level 1:colcon.colcon_core.package_identification:_identify(build) by extension 'ignore'
[0.171s] Level 1:colcon.colcon_core.package_identification:_identify(build) ignored
[0.172s] Level 1:colcon.colcon_core.package_identification:_identify(install) by extensions ['ignore', 'ignore_ament_install']
[0.172s] Level 1:colcon.colcon_core.package_identification:_identify(install) by extension 'ignore'
[0.172s] Level 1:colcon.colcon_core.package_identification:_identify(install) ignored
[0.172s] Level 1:colcon.colcon_core.package_identification:_identify(log) by extensions ['ignore', 'ignore_ament_install']
[0.172s] Level 1:colcon.colcon_core.package_identification:_identify(log) by extension 'ignore'
[0.172s] Level 1:colcon.colcon_core.package_identification:_identify(log) ignored
[0.172s] Level 1:colcon.colcon_core.package_identification:_identify(src) by extensions ['ignore', 'ignore_ament_install']
[0.172s] Level 1:colcon.colcon_core.package_identification:_identify(src) by extension 'ignore'
[0.172s] Level 1:colcon.colcon_core.package_identification:_identify(src) by extension 'ignore_ament_install'
[0.172s] Level 1:colcon.colcon_core.package_identification:_identify(src) by extensions ['colcon_pkg']
[0.172s] Level 1:colcon.colcon_core.package_identification:_identify(src) by extension 'colcon_pkg'
[0.172s] Level 1:colcon.colcon_core.package_identification:_identify(src) by extensions ['colcon_meta']
[0.172s] Level 1:colcon.colcon_core.package_identification:_identify(src) by extension 'colcon_meta'
[0.172s] Level 1:colcon.colcon_core.package_identification:_identify(src) by extensions ['ros']
[0.172s] Level 1:colcon.colcon_core.package_identification:_identify(src) by extension 'ros'
[0.172s] Level 1:colcon.colcon_core.package_identification:_identify(src) by extensions ['cmake', 'python']
[0.172s] Level 1:colcon.colcon_core.package_identification:_identify(src) by extension 'cmake'
[0.172s] Level 1:colcon.colcon_core.package_identification:_identify(src) by extension 'python'
[0.172s] Level 1:colcon.colcon_core.package_identification:_identify(src) by extensions ['python_setup_py']
[0.172s] Level 1:colcon.colcon_core.package_identification:_identify(src) by extension 'python_setup_py'
[0.172s] Level 1:colcon.colcon_core.package_identification:_identify(src/LiDAR-Processing-V2) by extensions ['ignore', 'ignore_ament_install']
[0.172s] Level 1:colcon.colcon_core.package_identification:_identify(src/LiDAR-Processing-V2) by extension 'ignore'
[0.172s] Level 1:colcon.colcon_core.package_identification:_identify(src/LiDAR-Processing-V2) by extension 'ignore_ament_install'
[0.172s] Level 1:colcon.colcon_core.package_identification:_identify(src/LiDAR-Processing-V2) by extensions ['colcon_pkg']
[0.172s] Level 1:colcon.colcon_core.package_identification:_identify(src/LiDAR-Processing-V2) by extension 'colcon_pkg'
[0.172s] Level 1:colcon.colcon_core.package_identification:_identify(src/LiDAR-Processing-V2) by extensions ['colcon_meta']
[0.172s] Level 1:colcon.colcon_core.package_identification:_identify(src/LiDAR-Processing-V2) by extension 'colcon_meta'
[0.172s] Level 1:colcon.colcon_core.package_identification:_identify(src/LiDAR-Processing-V2) by extensions ['ros']
[0.172s] Level 1:colcon.colcon_core.package_identification:_identify(src/LiDAR-Processing-V2) by extension 'ros'
[0.172s] Level 1:colcon.colcon_core.package_identification:_identify(src/LiDAR-Processing-V2) by extensions ['cmake', 'python']
[0.172s] Level 1:colcon.colcon_core.package_identification:_identify(src/LiDAR-Processing-V2) by extension 'cmake'
[0.172s] Level 1:colcon.colcon_core.package_identification:_identify(src/LiDAR-Processing-V2) by extension 'python'
[0.172s] Level 1:colcon.colcon_core.package_identification:_identify(src/LiDAR-Processing-V2) by extensions ['python_setup_py']
[0.172s] Level 1:colcon.colcon_core.package_identification:_identify(src/LiDAR-Processing-V2) by extension 'python_setup_py'
[0.173s] Level 1:colcon.colcon_core.package_identification:_identify(src/LiDAR-Processing-V2/build) by extensions ['ignore', 'ignore_ament_install']
[0.173s] Level 1:colcon.colcon_core.package_identification:_identify(src/LiDAR-Processing-V2/build) by extension 'ignore'
[0.173s] Level 1:colcon.colcon_core.package_identification:_identify(src/LiDAR-Processing-V2/build) ignored
[0.173s] Level 1:colcon.colcon_core.package_identification:_identify(src/LiDAR-Processing-V2/data) by extensions ['ignore', 'ignore_ament_install']
[0.173s] Level 1:colcon.colcon_core.package_identification:_identify(src/LiDAR-Processing-V2/data) by extension 'ignore'
[0.173s] Level 1:colcon.colcon_core.package_identification:_identify(src/LiDAR-Processing-V2/data) by extension 'ignore_ament_install'
[0.173s] Level 1:colcon.colcon_core.package_identification:_identify(src/LiDAR-Processing-V2/data) by extensions ['colcon_pkg']
[0.173s] Level 1:colcon.colcon_core.package_identification:_identify(src/LiDAR-Processing-V2/data) by extension 'colcon_pkg'
[0.173s] Level 1:colcon.colcon_core.package_identification:_identify(src/LiDAR-Processing-V2/data) by extensions ['colcon_meta']
[0.173s] Level 1:colcon.colcon_core.package_identification:_identify(src/LiDAR-Processing-V2/data) by extension 'colcon_meta'
[0.173s] Level 1:colcon.colcon_core.package_identification:_identify(src/LiDAR-Processing-V2/data) by extensions ['ros']
[0.173s] Level 1:colcon.colcon_core.package_identification:_identify(src/LiDAR-Processing-V2/data) by extension 'ros'
[0.173s] Level 1:colcon.colcon_core.package_identification:_identify(src/LiDAR-Processing-V2/data) by extensions ['cmake', 'python']
[0.173s] Level 1:colcon.colcon_core.package_identification:_identify(src/LiDAR-Processing-V2/data) by extension 'cmake'
[0.173s] Level 1:colcon.colcon_core.package_identification:_identify(src/LiDAR-Processing-V2/data) by extension 'python'
[0.173s] Level 1:colcon.colcon_core.package_identification:_identify(src/LiDAR-Processing-V2/data) by extensions ['python_setup_py']
[0.173s] Level 1:colcon.colcon_core.package_identification:_identify(src/LiDAR-Processing-V2/data) by extension 'python_setup_py'
[0.173s] Level 1:colcon.colcon_core.package_identification:_identify(src/LiDAR-Processing-V2/images) by extensions ['ignore', 'ignore_ament_install']
[0.173s] Level 1:colcon.colcon_core.package_identification:_identify(src/LiDAR-Processing-V2/images) by extension 'ignore'
[0.173s] Level 1:colcon.colcon_core.package_identification:_identify(src/LiDAR-Processing-V2/images) by extension 'ignore_ament_install'
[0.173s] Level 1:colcon.colcon_core.package_identification:_identify(src/LiDAR-Processing-V2/images) by extensions ['colcon_pkg']
[0.173s] Level 1:colcon.colcon_core.package_identification:_identify(src/LiDAR-Processing-V2/images) by extension 'colcon_pkg'
[0.173s] Level 1:colcon.colcon_core.package_identification:_identify(src/LiDAR-Processing-V2/images) by extensions ['colcon_meta']
[0.173s] Level 1:colcon.colcon_core.package_identification:_identify(src/LiDAR-Processing-V2/images) by extension 'colcon_meta'
[0.173s] Level 1:colcon.colcon_core.package_identification:_identify(src/LiDAR-Processing-V2/images) by extensions ['ros']
[0.173s] Level 1:colcon.colcon_core.package_identification:_identify(src/LiDAR-Processing-V2/images) by extension 'ros'
[0.173s] Level 1:colcon.colcon_core.package_identification:_identify(src/LiDAR-Processing-V2/images) by extensions ['cmake', 'python']
[0.173s] Level 1:colcon.colcon_core.package_identification:_identify(src/LiDAR-Processing-V2/images) by extension 'cmake'
[0.173s] Level 1:colcon.colcon_core.package_identification:_identify(src/LiDAR-Processing-V2/images) by extension 'python'
[0.173s] Level 1:colcon.colcon_core.package_identification:_identify(src/LiDAR-Processing-V2/images) by extensions ['python_setup_py']
[0.173s] Level 1:colcon.colcon_core.package_identification:_identify(src/LiDAR-Processing-V2/images) by extension 'python_setup_py'
[0.173s] Level 1:colcon.colcon_core.package_identification:_identify(src/LiDAR-Processing-V2/install) by extensions ['ignore', 'ignore_ament_install']
[0.173s] Level 1:colcon.colcon_core.package_identification:_identify(src/LiDAR-Processing-V2/install) by extension 'ignore'
[0.173s] Level 1:colcon.colcon_core.package_identification:_identify(src/LiDAR-Processing-V2/install) ignored
[0.173s] Level 1:colcon.colcon_core.package_identification:_identify(src/LiDAR-Processing-V2/lidar_processing_lib) by extensions ['ignore', 'ignore_ament_install']
[0.173s] Level 1:colcon.colcon_core.package_identification:_identify(src/LiDAR-Processing-V2/lidar_processing_lib) by extension 'ignore'
[0.173s] Level 1:colcon.colcon_core.package_identification:_identify(src/LiDAR-Processing-V2/lidar_processing_lib) by extension 'ignore_ament_install'
[0.173s] Level 1:colcon.colcon_core.package_identification:_identify(src/LiDAR-Processing-V2/lidar_processing_lib) by extensions ['colcon_pkg']
[0.173s] Level 1:colcon.colcon_core.package_identification:_identify(src/LiDAR-Processing-V2/lidar_processing_lib) by extension 'colcon_pkg'
[0.173s] Level 1:colcon.colcon_core.package_identification:_identify(src/LiDAR-Processing-V2/lidar_processing_lib) by extensions ['colcon_meta']
[0.173s] Level 1:colcon.colcon_core.package_identification:_identify(src/LiDAR-Processing-V2/lidar_processing_lib) by extension 'colcon_meta'
[0.173s] Level 1:colcon.colcon_core.package_identification:_identify(src/LiDAR-Processing-V2/lidar_processing_lib) by extensions ['ros']
[0.173s] Level 1:colcon.colcon_core.package_identification:_identify(src/LiDAR-Processing-V2/lidar_processing_lib) by extension 'ros'
[0.174s] Level 1:colcon.colcon_core.package_identification:_identify(src/LiDAR-Processing-V2/lidar_processing_lib) by extensions ['cmake', 'python']
[0.174s] Level 1:colcon.colcon_core.package_identification:_identify(src/LiDAR-Processing-V2/lidar_processing_lib) by extension 'cmake'
[0.174s] Level 1:colcon.colcon_core.package_identification:_identify(src/LiDAR-Processing-V2/lidar_processing_lib) by extension 'python'
[0.174s] DEBUG:colcon.colcon_core.package_identification:Package 'src/LiDAR-Processing-V2/lidar_processing_lib' with type 'cmake' and name 'lidar_processing_lib'
[0.174s] Level 1:colcon.colcon_core.package_identification:_identify(src/LiDAR-Processing-V2/log) by extensions ['ignore', 'ignore_ament_install']
[0.174s] Level 1:colcon.colcon_core.package_identification:_identify(src/LiDAR-Processing-V2/log) by extension 'ignore'
[0.174s] Level 1:colcon.colcon_core.package_identification:_identify(src/LiDAR-Processing-V2/log) ignored
[0.175s] Level 1:colcon.colcon_core.package_identification:_identify(src/LiDAR-Processing-V2/scripts) by extensions ['ignore', 'ignore_ament_install']
[0.175s] Level 1:colcon.colcon_core.package_identification:_identify(src/LiDAR-Processing-V2/scripts) by extension 'ignore'
[0.175s] Level 1:colcon.colcon_core.package_identification:_identify(src/LiDAR-Processing-V2/scripts) by extension 'ignore_ament_install'
[0.175s] Level 1:colcon.colcon_core.package_identification:_identify(src/LiDAR-Processing-V2/scripts) by extensions ['colcon_pkg']
[0.175s] Level 1:colcon.colcon_core.package_identification:_identify(src/LiDAR-Processing-V2/scripts) by extension 'colcon_pkg'
[0.175s] Level 1:colcon.colcon_core.package_identification:_identify(src/LiDAR-Processing-V2/scripts) by extensions ['colcon_meta']
[0.175s] Level 1:colcon.colcon_core.package_identification:_identify(src/LiDAR-Processing-V2/scripts) by extension 'colcon_meta'
[0.175s] Level 1:colcon.colcon_core.package_identification:_identify(src/LiDAR-Processing-V2/scripts) by extensions ['ros']
[0.175s] Level 1:colcon.colcon_core.package_identification:_identify(src/LiDAR-Processing-V2/scripts) by extension 'ros'
[0.175s] Level 1:colcon.colcon_core.package_identification:_identify(src/LiDAR-Processing-V2/scripts) by extensions ['cmake', 'python']
[0.175s] Level 1:colcon.colcon_core.package_identification:_identify(src/LiDAR-Processing-V2/scripts) by extension 'cmake'
[0.175s] Level 1:colcon.colcon_core.package_identification:_identify(src/LiDAR-Processing-V2/scripts) by extension 'python'
[0.175s] Level 1:colcon.colcon_core.package_identification:_identify(src/LiDAR-Processing-V2/scripts) by extensions ['python_setup_py']
[0.175s] Level 1:colcon.colcon_core.package_identification:_identify(src/LiDAR-Processing-V2/scripts) by extension 'python_setup_py'
[0.175s] Level 1:colcon.colcon_core.package_identification:_identify(src/LiDAR-Processing-V2/src) by extensions ['ignore', 'ignore_ament_install']
[0.175s] Level 1:colcon.colcon_core.package_identification:_identify(src/LiDAR-Processing-V2/src) by extension 'ignore'
[0.175s] Level 1:colcon.colcon_core.package_identification:_identify(src/LiDAR-Processing-V2/src) by extension 'ignore_ament_install'
[0.175s] Level 1:colcon.colcon_core.package_identification:_identify(src/LiDAR-Processing-V2/src) by extensions ['colcon_pkg']
[0.175s] Level 1:colcon.colcon_core.package_identification:_identify(src/LiDAR-Processing-V2/src) by extension 'colcon_pkg'
[0.175s] Level 1:colcon.colcon_core.package_identification:_identify(src/LiDAR-Processing-V2/src) by extensions ['colcon_meta']
[0.175s] Level 1:colcon.colcon_core.package_identification:_identify(src/LiDAR-Processing-V2/src) by extension 'colcon_meta'
[0.175s] Level 1:colcon.colcon_core.package_identification:_identify(src/LiDAR-Processing-V2/src) by extensions ['ros']
[0.175s] Level 1:colcon.colcon_core.package_identification:_identify(src/LiDAR-Processing-V2/src) by extension 'ros'
[0.175s] Level 1:colcon.colcon_core.package_identification:_identify(src/LiDAR-Processing-V2/src) by extensions ['cmake', 'python']
[0.175s] Level 1:colcon.colcon_core.package_identification:_identify(src/LiDAR-Processing-V2/src) by extension 'cmake'
[0.175s] Level 1:colcon.colcon_core.package_identification:_identify(src/LiDAR-Processing-V2/src) by extension 'python'
[0.175s] Level 1:colcon.colcon_core.package_identification:_identify(src/LiDAR-Processing-V2/src) by extensions ['python_setup_py']
[0.175s] Level 1:colcon.colcon_core.package_identification:_identify(src/LiDAR-Processing-V2/src) by extension 'python_setup_py'
[0.175s] Level 1:colcon.colcon_core.package_identification:_identify(src/LiDAR-Processing-V2/src/dataloader) by extensions ['ignore', 'ignore_ament_install']
[0.175s] Level 1:colcon.colcon_core.package_identification:_identify(src/LiDAR-Processing-V2/src/dataloader) by extension 'ignore'
[0.175s] Level 1:colcon.colcon_core.package_identification:_identify(src/LiDAR-Processing-V2/src/dataloader) by extension 'ignore_ament_install'
[0.175s] Level 1:colcon.colcon_core.package_identification:_identify(src/LiDAR-Processing-V2/src/dataloader) by extensions ['colcon_pkg']
[0.175s] Level 1:colcon.colcon_core.package_identification:_identify(src/LiDAR-Processing-V2/src/dataloader) by extension 'colcon_pkg'
[0.175s] Level 1:colcon.colcon_core.package_identification:_identify(src/LiDAR-Processing-V2/src/dataloader) by extensions ['colcon_meta']
[0.175s] Level 1:colcon.colcon_core.package_identification:_identify(src/LiDAR-Processing-V2/src/dataloader) by extension 'colcon_meta'
[0.175s] Level 1:colcon.colcon_core.package_identification:_identify(src/LiDAR-Processing-V2/src/dataloader) by extensions ['ros']
[0.175s] Level 1:colcon.colcon_core.package_identification:_identify(src/LiDAR-Processing-V2/src/dataloader) by extension 'ros'
[0.177s] DEBUG:colcon.colcon_core.package_identification:Package 'src/LiDAR-Processing-V2/src/dataloader' with type 'ros.ament_cmake' and name 'dataloader'
[0.177s] Level 1:colcon.colcon_core.package_identification:_identify(src/LiDAR-Processing-V2/src/launch_pkg) by extensions ['ignore', 'ignore_ament_install']
[0.177s] Level 1:colcon.colcon_core.package_identification:_identify(src/LiDAR-Processing-V2/src/launch_pkg) by extension 'ignore'
[0.177s] Level 1:colcon.colcon_core.package_identification:_identify(src/LiDAR-Processing-V2/src/launch_pkg) by extension 'ignore_ament_install'
[0.177s] Level 1:colcon.colcon_core.package_identification:_identify(src/LiDAR-Processing-V2/src/launch_pkg) by extensions ['colcon_pkg']
[0.177s] Level 1:colcon.colcon_core.package_identification:_identify(src/LiDAR-Processing-V2/src/launch_pkg) by extension 'colcon_pkg'
[0.177s] Level 1:colcon.colcon_core.package_identification:_identify(src/LiDAR-Processing-V2/src/launch_pkg) by extensions ['colcon_meta']
[0.177s] Level 1:colcon.colcon_core.package_identification:_identify(src/LiDAR-Processing-V2/src/launch_pkg) by extension 'colcon_meta'
[0.177s] Level 1:colcon.colcon_core.package_identification:_identify(src/LiDAR-Processing-V2/src/launch_pkg) by extensions ['ros']
[0.177s] Level 1:colcon.colcon_core.package_identification:_identify(src/LiDAR-Processing-V2/src/launch_pkg) by extension 'ros'
[0.177s] DEBUG:colcon.colcon_core.package_identification:Package 'src/LiDAR-Processing-V2/src/launch_pkg' with type 'ros.ament_cmake' and name 'launch_pkg'
[0.177s] Level 1:colcon.colcon_core.package_identification:_identify(src/LiDAR-Processing-V2/src/processor) by extensions ['ignore', 'ignore_ament_install']
[0.177s] Level 1:colcon.colcon_core.package_identification:_identify(src/LiDAR-Processing-V2/src/processor) by extension 'ignore'
[0.177s] Level 1:colcon.colcon_core.package_identification:_identify(src/LiDAR-Processing-V2/src/processor) by extension 'ignore_ament_install'
[0.177s] Level 1:colcon.colcon_core.package_identification:_identify(src/LiDAR-Processing-V2/src/processor) by extensions ['colcon_pkg']
[0.177s] Level 1:colcon.colcon_core.package_identification:_identify(src/LiDAR-Processing-V2/src/processor) by extension 'colcon_pkg'
[0.177s] Level 1:colcon.colcon_core.package_identification:_identify(src/LiDAR-Processing-V2/src/processor) by extensions ['colcon_meta']
[0.177s] Level 1:colcon.colcon_core.package_identification:_identify(src/LiDAR-Processing-V2/src/processor) by extension 'colcon_meta'
[0.177s] Level 1:colcon.colcon_core.package_identification:_identify(src/LiDAR-Processing-V2/src/processor) by extensions ['ros']
[0.177s] Level 1:colcon.colcon_core.package_identification:_identify(src/LiDAR-Processing-V2/src/processor) by extension 'ros'
[0.178s] DEBUG:colcon.colcon_core.package_identification:Package 'src/LiDAR-Processing-V2/src/processor' with type 'ros.ament_cmake' and name 'processor'
[0.178s] Level 1:colcon.colcon_core.package_identification:_identify(src/LiDAR-Processing-V2/src/rviz2_config) by extensions ['ignore', 'ignore_ament_install']
[0.178s] Level 1:colcon.colcon_core.package_identification:_identify(src/LiDAR-Processing-V2/src/rviz2_config) by extension 'ignore'
[0.178s] Level 1:colcon.colcon_core.package_identification:_identify(src/LiDAR-Processing-V2/src/rviz2_config) by extension 'ignore_ament_install'
[0.178s] Level 1:colcon.colcon_core.package_identification:_identify(src/LiDAR-Processing-V2/src/rviz2_config) by extensions ['colcon_pkg']
[0.178s] Level 1:colcon.colcon_core.package_identification:_identify(src/LiDAR-Processing-V2/src/rviz2_config) by extension 'colcon_pkg'
[0.178s] Level 1:colcon.colcon_core.package_identification:_identify(src/LiDAR-Processing-V2/src/rviz2_config) by extensions ['colcon_meta']
[0.178s] Level 1:colcon.colcon_core.package_identification:_identify(src/LiDAR-Processing-V2/src/rviz2_config) by extension 'colcon_meta'
[0.178s] Level 1:colcon.colcon_core.package_identification:_identify(src/LiDAR-Processing-V2/src/rviz2_config) by extensions ['ros']
[0.178s] Level 1:colcon.colcon_core.package_identification:_identify(src/LiDAR-Processing-V2/src/rviz2_config) by extension 'ros'
[0.178s] DEBUG:colcon.colcon_core.package_identification:Package 'src/LiDAR-Processing-V2/src/rviz2_config' with type 'ros.ament_cmake' and name 'rviz2_config'
[0.178s] Level 1:colcon.colcon_core.package_identification:_identify(src/linefit_ground_segmentation_ros2) by extensions ['ignore', 'ignore_ament_install']
[0.178s] Level 1:colcon.colcon_core.package_identification:_identify(src/linefit_ground_segmentation_ros2) by extension 'ignore'
[0.178s] Level 1:colcon.colcon_core.package_identification:_identify(src/linefit_ground_segmentation_ros2) by extension 'ignore_ament_install'
[0.178s] Level 1:colcon.colcon_core.package_identification:_identify(src/linefit_ground_segmentation_ros2) by extensions ['colcon_pkg']
[0.178s] Level 1:colcon.colcon_core.package_identification:_identify(src/linefit_ground_segmentation_ros2) by extension 'colcon_pkg'
[0.178s] Level 1:colcon.colcon_core.package_identification:_identify(src/linefit_ground_segmentation_ros2) by extensions ['colcon_meta']
[0.178s] Level 1:colcon.colcon_core.package_identification:_identify(src/linefit_ground_segmentation_ros2) by extension 'colcon_meta'
[0.178s] Level 1:colcon.colcon_core.package_identification:_identify(src/linefit_ground_segmentation_ros2) by extensions ['ros']
[0.178s] Level 1:colcon.colcon_core.package_identification:_identify(src/linefit_ground_segmentation_ros2) by extension 'ros'
[0.178s] Level 1:colcon.colcon_core.package_identification:_identify(src/linefit_ground_segmentation_ros2) by extensions ['cmake', 'python']
[0.179s] Level 1:colcon.colcon_core.package_identification:_identify(src/linefit_ground_segmentation_ros2) by extension 'cmake'
[0.179s] Level 1:colcon.colcon_core.package_identification:_identify(src/linefit_ground_segmentation_ros2) by extension 'python'
[0.179s] Level 1:colcon.colcon_core.package_identification:_identify(src/linefit_ground_segmentation_ros2) by extensions ['python_setup_py']
[0.179s] Level 1:colcon.colcon_core.package_identification:_identify(src/linefit_ground_segmentation_ros2) by extension 'python_setup_py'
[0.179s] Level 1:colcon.colcon_core.package_identification:_identify(src/linefit_ground_segmentation_ros2/doc) by extensions ['ignore', 'ignore_ament_install']
[0.179s] Level 1:colcon.colcon_core.package_identification:_identify(src/linefit_ground_segmentation_ros2/doc) by extension 'ignore'
[0.179s] Level 1:colcon.colcon_core.package_identification:_identify(src/linefit_ground_segmentation_ros2/doc) by extension 'ignore_ament_install'
[0.179s] Level 1:colcon.colcon_core.package_identification:_identify(src/linefit_ground_segmentation_ros2/doc) by extensions ['colcon_pkg']
[0.179s] Level 1:colcon.colcon_core.package_identification:_identify(src/linefit_ground_segmentation_ros2/doc) by extension 'colcon_pkg'
[0.179s] Level 1:colcon.colcon_core.package_identification:_identify(src/linefit_ground_segmentation_ros2/doc) by extensions ['colcon_meta']
[0.179s] Level 1:colcon.colcon_core.package_identification:_identify(src/linefit_ground_segmentation_ros2/doc) by extension 'colcon_meta'
[0.179s] Level 1:colcon.colcon_core.package_identification:_identify(src/linefit_ground_segmentation_ros2/doc) by extensions ['ros']
[0.179s] Level 1:colcon.colcon_core.package_identification:_identify(src/linefit_ground_segmentation_ros2/doc) by extension 'ros'
[0.179s] Level 1:colcon.colcon_core.package_identification:_identify(src/linefit_ground_segmentation_ros2/doc) by extensions ['cmake', 'python']
[0.179s] Level 1:colcon.colcon_core.package_identification:_identify(src/linefit_ground_segmentation_ros2/doc) by extension 'cmake'
[0.179s] Level 1:colcon.colcon_core.package_identification:_identify(src/linefit_ground_segmentation_ros2/doc) by extension 'python'
[0.179s] Level 1:colcon.colcon_core.package_identification:_identify(src/linefit_ground_segmentation_ros2/doc) by extensions ['python_setup_py']
[0.179s] Level 1:colcon.colcon_core.package_identification:_identify(src/linefit_ground_segmentation_ros2/doc) by extension 'python_setup_py'
[0.179s] Level 1:colcon.colcon_core.package_identification:_identify(src/linefit_ground_segmentation_ros2/linefit_ground_segmentation) by extensions ['ignore', 'ignore_ament_install']
[0.179s] Level 1:colcon.colcon_core.package_identification:_identify(src/linefit_ground_segmentation_ros2/linefit_ground_segmentation) by extension 'ignore'
[0.179s] Level 1:colcon.colcon_core.package_identification:_identify(src/linefit_ground_segmentation_ros2/linefit_ground_segmentation) by extension 'ignore_ament_install'
[0.179s] Level 1:colcon.colcon_core.package_identification:_identify(src/linefit_ground_segmentation_ros2/linefit_ground_segmentation) by extensions ['colcon_pkg']
[0.179s] Level 1:colcon.colcon_core.package_identification:_identify(src/linefit_ground_segmentation_ros2/linefit_ground_segmentation) by extension 'colcon_pkg'
[0.179s] Level 1:colcon.colcon_core.package_identification:_identify(src/linefit_ground_segmentation_ros2/linefit_ground_segmentation) by extensions ['colcon_meta']
[0.179s] Level 1:colcon.colcon_core.package_identification:_identify(src/linefit_ground_segmentation_ros2/linefit_ground_segmentation) by extension 'colcon_meta'
[0.179s] Level 1:colcon.colcon_core.package_identification:_identify(src/linefit_ground_segmentation_ros2/linefit_ground_segmentation) by extensions ['ros']
[0.179s] Level 1:colcon.colcon_core.package_identification:_identify(src/linefit_ground_segmentation_ros2/linefit_ground_segmentation) by extension 'ros'
[0.179s] DEBUG:colcon.colcon_core.package_identification:Package 'src/linefit_ground_segmentation_ros2/linefit_ground_segmentation' with type 'ros.ament_cmake' and name 'linefit_ground_segmentation'
[0.179s] Level 1:colcon.colcon_core.package_identification:_identify(src/linefit_ground_segmentation_ros2/linefit_ground_segmentation_ros) by extensions ['ignore', 'ignore_ament_install']
[0.179s] Level 1:colcon.colcon_core.package_identification:_identify(src/linefit_ground_segmentation_ros2/linefit_ground_segmentation_ros) by extension 'ignore'
[0.180s] Level 1:colcon.colcon_core.package_identification:_identify(src/linefit_ground_segmentation_ros2/linefit_ground_segmentation_ros) by extension 'ignore_ament_install'
[0.180s] Level 1:colcon.colcon_core.package_identification:_identify(src/linefit_ground_segmentation_ros2/linefit_ground_segmentation_ros) by extensions ['colcon_pkg']
[0.180s] Level 1:colcon.colcon_core.package_identification:_identify(src/linefit_ground_segmentation_ros2/linefit_ground_segmentation_ros) by extension 'colcon_pkg'
[0.180s] Level 1:colcon.colcon_core.package_identification:_identify(src/linefit_ground_segmentation_ros2/linefit_ground_segmentation_ros) by extensions ['colcon_meta']
[0.180s] Level 1:colcon.colcon_core.package_identification:_identify(src/linefit_ground_segmentation_ros2/linefit_ground_segmentation_ros) by extension 'colcon_meta'
[0.180s] Level 1:colcon.colcon_core.package_identification:_identify(src/linefit_ground_segmentation_ros2/linefit_ground_segmentation_ros) by extensions ['ros']
[0.180s] Level 1:colcon.colcon_core.package_identification:_identify(src/linefit_ground_segmentation_ros2/linefit_ground_segmentation_ros) by extension 'ros'
[0.180s] DEBUG:colcon.colcon_core.package_identification:Package 'src/linefit_ground_segmentation_ros2/linefit_ground_segmentation_ros' with type 'ros.ament_cmake' and name 'linefit_ground_segmentation_ros'
[0.180s] Level 1:colcon.colcon_core.package_identification:_identify(src/livox_laser_simulation_RO2) by extensions ['ignore', 'ignore_ament_install']
[0.180s] Level 1:colcon.colcon_core.package_identification:_identify(src/livox_laser_simulation_RO2) by extension 'ignore'
[0.180s] Level 1:colcon.colcon_core.package_identification:_identify(src/livox_laser_simulation_RO2) by extension 'ignore_ament_install'
[0.180s] Level 1:colcon.colcon_core.package_identification:_identify(src/livox_laser_simulation_RO2) by extensions ['colcon_pkg']
[0.180s] Level 1:colcon.colcon_core.package_identification:_identify(src/livox_laser_simulation_RO2) by extension 'colcon_pkg'
[0.180s] Level 1:colcon.colcon_core.package_identification:_identify(src/livox_laser_simulation_RO2) by extensions ['colcon_meta']
[0.180s] Level 1:colcon.colcon_core.package_identification:_identify(src/livox_laser_simulation_RO2) by extension 'colcon_meta'
[0.180s] Level 1:colcon.colcon_core.package_identification:_identify(src/livox_laser_simulation_RO2) by extensions ['ros']
[0.180s] Level 1:colcon.colcon_core.package_identification:_identify(src/livox_laser_simulation_RO2) by extension 'ros'
[0.181s] DEBUG:colcon.colcon_core.package_identification:Package 'src/livox_laser_simulation_RO2' with type 'ros.ament_cmake' and name 'ros2_livox_simulation'
[0.181s] Level 1:colcon.colcon_core.package_identification:_identify(src/livox_ros_driver2) by extensions ['ignore', 'ignore_ament_install']
[0.181s] Level 1:colcon.colcon_core.package_identification:_identify(src/livox_ros_driver2) by extension 'ignore'
[0.181s] Level 1:colcon.colcon_core.package_identification:_identify(src/livox_ros_driver2) by extension 'ignore_ament_install'
[0.181s] Level 1:colcon.colcon_core.package_identification:_identify(src/livox_ros_driver2) by extensions ['colcon_pkg']
[0.181s] Level 1:colcon.colcon_core.package_identification:_identify(src/livox_ros_driver2) by extension 'colcon_pkg'
[0.181s] Level 1:colcon.colcon_core.package_identification:_identify(src/livox_ros_driver2) by extensions ['colcon_meta']
[0.181s] Level 1:colcon.colcon_core.package_identification:_identify(src/livox_ros_driver2) by extension 'colcon_meta'
[0.181s] Level 1:colcon.colcon_core.package_identification:_identify(src/livox_ros_driver2) by extensions ['ros']
[0.181s] Level 1:colcon.colcon_core.package_identification:_identify(src/livox_ros_driver2) by extension 'ros'
[0.182s] DEBUG:colcon.colcon_core.package_identification:Package 'src/livox_ros_driver2' with type 'ros.ament_cmake' and name 'livox_ros_driver2'
[0.182s] Level 1:colcon.colcon_core.package_identification:_identify(src/model_pkg) by extensions ['ignore', 'ignore_ament_install']
[0.182s] Level 1:colcon.colcon_core.package_identification:_identify(src/model_pkg) by extension 'ignore'
[0.182s] Level 1:colcon.colcon_core.package_identification:_identify(src/model_pkg) by extension 'ignore_ament_install'
[0.182s] Level 1:colcon.colcon_core.package_identification:_identify(src/model_pkg) by extensions ['colcon_pkg']
[0.182s] Level 1:colcon.colcon_core.package_identification:_identify(src/model_pkg) by extension 'colcon_pkg'
[0.182s] Level 1:colcon.colcon_core.package_identification:_identify(src/model_pkg) by extensions ['colcon_meta']
[0.182s] Level 1:colcon.colcon_core.package_identification:_identify(src/model_pkg) by extension 'colcon_meta'
[0.182s] Level 1:colcon.colcon_core.package_identification:_identify(src/model_pkg) by extensions ['ros']
[0.182s] Level 1:colcon.colcon_core.package_identification:_identify(src/model_pkg) by extension 'ros'
[0.182s] DEBUG:colcon.colcon_core.package_identification:Package 'src/model_pkg' with type 'ros.ament_cmake' and name 'model_pkg'
[0.182s] Level 1:colcon.colcon_core.package_identification:_identify(src/realsense_ros_gazebo) by extensions ['ignore', 'ignore_ament_install']
[0.182s] Level 1:colcon.colcon_core.package_identification:_identify(src/realsense_ros_gazebo) by extension 'ignore'
[0.182s] Level 1:colcon.colcon_core.package_identification:_identify(src/realsense_ros_gazebo) by extension 'ignore_ament_install'
[0.182s] Level 1:colcon.colcon_core.package_identification:_identify(src/realsense_ros_gazebo) by extensions ['colcon_pkg']
[0.182s] Level 1:colcon.colcon_core.package_identification:_identify(src/realsense_ros_gazebo) by extension 'colcon_pkg'
[0.182s] Level 1:colcon.colcon_core.package_identification:_identify(src/realsense_ros_gazebo) by extensions ['colcon_meta']
[0.182s] Level 1:colcon.colcon_core.package_identification:_identify(src/realsense_ros_gazebo) by extension 'colcon_meta'
[0.182s] Level 1:colcon.colcon_core.package_identification:_identify(src/realsense_ros_gazebo) by extensions ['ros']
[0.182s] Level 1:colcon.colcon_core.package_identification:_identify(src/realsense_ros_gazebo) by extension 'ros'
[0.183s] DEBUG:colcon.colcon_core.package_identification:Package 'src/realsense_ros_gazebo' with type 'ros.ament_cmake' and name 'realsense_ros_gazebo'
[0.183s] Level 1:colcon.colcon_core.package_identification:_identify(src/src) by extensions ['ignore', 'ignore_ament_install']
[0.183s] Level 1:colcon.colcon_core.package_identification:_identify(src/src) by extension 'ignore'
[0.183s] Level 1:colcon.colcon_core.package_identification:_identify(src/src) by extension 'ignore_ament_install'
[0.183s] Level 1:colcon.colcon_core.package_identification:_identify(src/src) by extensions ['colcon_pkg']
[0.183s] Level 1:colcon.colcon_core.package_identification:_identify(src/src) by extension 'colcon_pkg'
[0.183s] Level 1:colcon.colcon_core.package_identification:_identify(src/src) by extensions ['colcon_meta']
[0.183s] Level 1:colcon.colcon_core.package_identification:_identify(src/src) by extension 'colcon_meta'
[0.183s] Level 1:colcon.colcon_core.package_identification:_identify(src/src) by extensions ['ros']
[0.183s] Level 1:colcon.colcon_core.package_identification:_identify(src/src) by extension 'ros'
[0.183s] Level 1:colcon.colcon_core.package_identification:_identify(src/src) by extensions ['cmake', 'python']
[0.183s] Level 1:colcon.colcon_core.package_identification:_identify(src/src) by extension 'cmake'
[0.183s] Level 1:colcon.colcon_core.package_identification:_identify(src/src) by extension 'python'
[0.183s] Level 1:colcon.colcon_core.package_identification:_identify(src/src) by extensions ['python_setup_py']
[0.183s] Level 1:colcon.colcon_core.package_identification:_identify(src/src) by extension 'python_setup_py'
[0.183s] Level 1:colcon.colcon_core.package_discovery:discover_packages(recursive) using defaults
[0.183s] Level 1:colcon.colcon_core.package_discovery:discover_packages(ignore) discover
[0.183s] Level 1:colcon.colcon_core.package_discovery:discover_packages(ignore) using defaults
[0.183s] Level 1:colcon.colcon_core.package_discovery:discover_packages(path) discover
[0.183s] Level 1:colcon.colcon_core.package_discovery:discover_packages(path) using defaults
[0.194s] Level 5:colcon.colcon_core.verb:set package 'dataloader' build argument 'cmake_args' from command line to 'None'
[0.195s] Level 5:colcon.colcon_core.verb:set package 'dataloader' build argument 'cmake_target' from command line to 'None'
[0.195s] Level 5:colcon.colcon_core.verb:set package 'dataloader' build argument 'cmake_target_skip_unavailable' from command line to 'False'
[0.195s] Level 5:colcon.colcon_core.verb:set package 'dataloader' build argument 'cmake_clean_cache' from command line to 'False'
[0.195s] Level 5:colcon.colcon_core.verb:set package 'dataloader' build argument 'cmake_clean_first' from command line to 'False'
[0.195s] Level 5:colcon.colcon_core.verb:set package 'dataloader' build argument 'cmake_force_configure' from command line to 'False'
[0.195s] Level 5:colcon.colcon_core.verb:set package 'dataloader' build argument 'ament_cmake_args' from command line to 'None'
[0.195s] Level 5:colcon.colcon_core.verb:set package 'dataloader' build argument 'catkin_cmake_args' from command line to 'None'
[0.195s] Level 5:colcon.colcon_core.verb:set package 'dataloader' build argument 'catkin_skip_building_tests' from command line to 'False'
[0.195s] DEBUG:colcon.colcon_core.verb:Building package 'dataloader' with the following arguments: {'ament_cmake_args': None, 'build_base': '/home/abhiyaan-cu/ardc/Automated-Road-Dust-Collector/build/dataloader', 'catkin_cmake_args': None, 'catkin_skip_building_tests': False, 'cmake_args': None, 'cmake_clean_cache': False, 'cmake_clean_first': False, 'cmake_force_configure': False, 'cmake_target': None, 'cmake_target_skip_unavailable': False, 'install_base': '/home/abhiyaan-cu/ardc/Automated-Road-Dust-Collector/install/dataloader', 'merge_install': False, 'path': '/home/abhiyaan-cu/ardc/Automated-Road-Dust-Collector/src/LiDAR-Processing-V2/src/dataloader', 'symlink_install': False, 'test_result_base': None}
[0.195s] Level 5:colcon.colcon_core.verb:set package 'launch_pkg' build argument 'cmake_args' from command line to 'None'
[0.195s] Level 5:colcon.colcon_core.verb:set package 'launch_pkg' build argument 'cmake_target' from command line to 'None'
[0.195s] Level 5:colcon.colcon_core.verb:set package 'launch_pkg' build argument 'cmake_target_skip_unavailable' from command line to 'False'
[0.195s] Level 5:colcon.colcon_core.verb:set package 'launch_pkg' build argument 'cmake_clean_cache' from command line to 'False'
[0.195s] Level 5:colcon.colcon_core.verb:set package 'launch_pkg' build argument 'cmake_clean_first' from command line to 'False'
[0.195s] Level 5:colcon.colcon_core.verb:set package 'launch_pkg' build argument 'cmake_force_configure' from command line to 'False'
[0.195s] Level 5:colcon.colcon_core.verb:set package 'launch_pkg' build argument 'ament_cmake_args' from command line to 'None'
[0.195s] Level 5:colcon.colcon_core.verb:set package 'launch_pkg' build argument 'catkin_cmake_args' from command line to 'None'
[0.195s] Level 5:colcon.colcon_core.verb:set package 'launch_pkg' build argument 'catkin_skip_building_tests' from command line to 'False'
[0.195s] DEBUG:colcon.colcon_core.verb:Building package 'launch_pkg' with the following arguments: {'ament_cmake_args': None, 'build_base': '/home/abhiyaan-cu/ardc/Automated-Road-Dust-Collector/build/launch_pkg', 'catkin_cmake_args': None, 'catkin_skip_building_tests': False, 'cmake_args': None, 'cmake_clean_cache': False, 'cmake_clean_first': False, 'cmake_force_configure': False, 'cmake_target': None, 'cmake_target_skip_unavailable': False, 'install_base': '/home/abhiyaan-cu/ardc/Automated-Road-Dust-Collector/install/launch_pkg', 'merge_install': False, 'path': '/home/abhiyaan-cu/ardc/Automated-Road-Dust-Collector/src/LiDAR-Processing-V2/src/launch_pkg', 'symlink_install': False, 'test_result_base': None}
[0.195s] Level 5:colcon.colcon_core.verb:set package 'lidar_processing_lib' build argument 'cmake_args' from command line to 'None'
[0.195s] Level 5:colcon.colcon_core.verb:set package 'lidar_processing_lib' build argument 'cmake_target' from command line to 'None'
[0.195s] Level 5:colcon.colcon_core.verb:set package 'lidar_processing_lib' build argument 'cmake_target_skip_unavailable' from command line to 'False'
[0.195s] Level 5:colcon.colcon_core.verb:set package 'lidar_processing_lib' build argument 'cmake_clean_cache' from command line to 'False'
[0.195s] Level 5:colcon.colcon_core.verb:set package 'lidar_processing_lib' build argument 'cmake_clean_first' from command line to 'False'
[0.195s] Level 5:colcon.colcon_core.verb:set package 'lidar_processing_lib' build argument 'cmake_force_configure' from command line to 'False'
[0.195s] Level 5:colcon.colcon_core.verb:set package 'lidar_processing_lib' build argument 'ament_cmake_args' from command line to 'None'
[0.195s] Level 5:colcon.colcon_core.verb:set package 'lidar_processing_lib' build argument 'catkin_cmake_args' from command line to 'None'
[0.195s] Level 5:colcon.colcon_core.verb:set package 'lidar_processing_lib' build argument 'catkin_skip_building_tests' from command line to 'False'
[0.195s] DEBUG:colcon.colcon_core.verb:Building package 'lidar_processing_lib' with the following arguments: {'ament_cmake_args': None, 'build_base': '/home/abhiyaan-cu/ardc/Automated-Road-Dust-Collector/build/lidar_processing_lib', 'catkin_cmake_args': None, 'catkin_skip_building_tests': False, 'cmake_args': None, 'cmake_clean_cache': False, 'cmake_clean_first': False, 'cmake_force_configure': False, 'cmake_target': None, 'cmake_target_skip_unavailable': False, 'install_base': '/home/abhiyaan-cu/ardc/Automated-Road-Dust-Collector/install/lidar_processing_lib', 'merge_install': False, 'path': '/home/abhiyaan-cu/ardc/Automated-Road-Dust-Collector/src/LiDAR-Processing-V2/lidar_processing_lib', 'symlink_install': False, 'test_result_base': None}
[0.195s] Level 5:colcon.colcon_core.verb:set package 'linefit_ground_segmentation' build argument 'cmake_args' from command line to 'None'
[0.195s] Level 5:colcon.colcon_core.verb:set package 'linefit_ground_segmentation' build argument 'cmake_target' from command line to 'None'
[0.195s] Level 5:colcon.colcon_core.verb:set package 'linefit_ground_segmentation' build argument 'cmake_target_skip_unavailable' from command line to 'False'
[0.195s] Level 5:colcon.colcon_core.verb:set package 'linefit_ground_segmentation' build argument 'cmake_clean_cache' from command line to 'False'
[0.195s] Level 5:colcon.colcon_core.verb:set package 'linefit_ground_segmentation' build argument 'cmake_clean_first' from command line to 'False'
[0.195s] Level 5:colcon.colcon_core.verb:set package 'linefit_ground_segmentation' build argument 'cmake_force_configure' from command line to 'False'
[0.195s] Level 5:colcon.colcon_core.verb:set package 'linefit_ground_segmentation' build argument 'ament_cmake_args' from command line to 'None'
[0.195s] Level 5:colcon.colcon_core.verb:set package 'linefit_ground_segmentation' build argument 'catkin_cmake_args' from command line to 'None'
[0.195s] Level 5:colcon.colcon_core.verb:set package 'linefit_ground_segmentation' build argument 'catkin_skip_building_tests' from command line to 'False'
[0.195s] DEBUG:colcon.colcon_core.verb:Building package 'linefit_ground_segmentation' with the following arguments: {'ament_cmake_args': None, 'build_base': '/home/abhiyaan-cu/ardc/Automated-Road-Dust-Collector/build/linefit_ground_segmentation', 'catkin_cmake_args': None, 'catkin_skip_building_tests': False, 'cmake_args': None, 'cmake_clean_cache': False, 'cmake_clean_first': False, 'cmake_force_configure': False, 'cmake_target': None, 'cmake_target_skip_unavailable': False, 'install_base': '/home/abhiyaan-cu/ardc/Automated-Road-Dust-Collector/install/linefit_ground_segmentation', 'merge_install': False, 'path': '/home/abhiyaan-cu/ardc/Automated-Road-Dust-Collector/src/linefit_ground_segmentation_ros2/linefit_ground_segmentation', 'symlink_install': False, 'test_result_base': None}
[0.196s] Level 5:colcon.colcon_core.verb:set package 'livox_ros_driver2' build argument 'cmake_args' from command line to 'None'
[0.196s] Level 5:colcon.colcon_core.verb:set package 'livox_ros_driver2' build argument 'cmake_target' from command line to 'None'
[0.196s] Level 5:colcon.colcon_core.verb:set package 'livox_ros_driver2' build argument 'cmake_target_skip_unavailable' from command line to 'False'
[0.196s] Level 5:colcon.colcon_core.verb:set package 'livox_ros_driver2' build argument 'cmake_clean_cache' from command line to 'False'
[0.196s] Level 5:colcon.colcon_core.verb:set package 'livox_ros_driver2' build argument 'cmake_clean_first' from command line to 'False'
[0.196s] Level 5:colcon.colcon_core.verb:set package 'livox_ros_driver2' build argument 'cmake_force_configure' from command line to 'False'
[0.196s] Level 5:colcon.colcon_core.verb:set package 'livox_ros_driver2' build argument 'ament_cmake_args' from command line to 'None'
[0.196s] Level 5:colcon.colcon_core.verb:set package 'livox_ros_driver2' build argument 'catkin_cmake_args' from command line to 'None'
[0.196s] Level 5:colcon.colcon_core.verb:set package 'livox_ros_driver2' build argument 'catkin_skip_building_tests' from command line to 'False'
[0.196s] DEBUG:colcon.colcon_core.verb:Building package 'livox_ros_driver2' with the following arguments: {'ament_cmake_args': None, 'build_base': '/home/abhiyaan-cu/ardc/Automated-Road-Dust-Collector/build/livox_ros_driver2', 'catkin_cmake_args': None, 'catkin_skip_building_tests': False, 'cmake_args': None, 'cmake_clean_cache': False, 'cmake_clean_first': False, 'cmake_force_configure': False, 'cmake_target': None, 'cmake_target_skip_unavailable': False, 'install_base': '/home/abhiyaan-cu/ardc/Automated-Road-Dust-Collector/install/livox_ros_driver2', 'merge_install': False, 'path': '/home/abhiyaan-cu/ardc/Automated-Road-Dust-Collector/src/livox_ros_driver2', 'symlink_install': False, 'test_result_base': None}
[0.196s] Level 5:colcon.colcon_core.verb:set package 'model_pkg' build argument 'cmake_args' from command line to 'None'
[0.196s] Level 5:colcon.colcon_core.verb:set package 'model_pkg' build argument 'cmake_target' from command line to 'None'
[0.196s] Level 5:colcon.colcon_core.verb:set package 'model_pkg' build argument 'cmake_target_skip_unavailable' from command line to 'False'
[0.196s] Level 5:colcon.colcon_core.verb:set package 'model_pkg' build argument 'cmake_clean_cache' from command line to 'False'
[0.196s] Level 5:colcon.colcon_core.verb:set package 'model_pkg' build argument 'cmake_clean_first' from command line to 'False'
[0.196s] Level 5:colcon.colcon_core.verb:set package 'model_pkg' build argument 'cmake_force_configure' from command line to 'False'
[0.196s] Level 5:colcon.colcon_core.verb:set package 'model_pkg' build argument 'ament_cmake_args' from command line to 'None'
[0.196s] Level 5:colcon.colcon_core.verb:set package 'model_pkg' build argument 'catkin_cmake_args' from command line to 'None'
[0.196s] Level 5:colcon.colcon_core.verb:set package 'model_pkg' build argument 'catkin_skip_building_tests' from command line to 'False'
[0.196s] DEBUG:colcon.colcon_core.verb:Building package 'model_pkg' with the following arguments: {'ament_cmake_args': None, 'build_base': '/home/abhiyaan-cu/ardc/Automated-Road-Dust-Collector/build/model_pkg', 'catkin_cmake_args': None, 'catkin_skip_building_tests': False, 'cmake_args': None, 'cmake_clean_cache': False, 'cmake_clean_first': False, 'cmake_force_configure': False, 'cmake_target': None, 'cmake_target_skip_unavailable': False, 'install_base': '/home/abhiyaan-cu/ardc/Automated-Road-Dust-Collector/install/model_pkg', 'merge_install': False, 'path': '/home/abhiyaan-cu/ardc/Automated-Road-Dust-Collector/src/model_pkg', 'symlink_install': False, 'test_result_base': None}
[0.196s] Level 5:colcon.colcon_core.verb:set package 'realsense_ros_gazebo' build argument 'cmake_args' from command line to 'None'
[0.196s] Level 5:colcon.colcon_core.verb:set package 'realsense_ros_gazebo' build argument 'cmake_target' from command line to 'None'
[0.196s] Level 5:colcon.colcon_core.verb:set package 'realsense_ros_gazebo' build argument 'cmake_target_skip_unavailable' from command line to 'False'
[0.196s] Level 5:colcon.colcon_core.verb:set package 'realsense_ros_gazebo' build argument 'cmake_clean_cache' from command line to 'False'
[0.196s] Level 5:colcon.colcon_core.verb:set package 'realsense_ros_gazebo' build argument 'cmake_clean_first' from command line to 'False'
[0.196s] Level 5:colcon.colcon_core.verb:set package 'realsense_ros_gazebo' build argument 'cmake_force_configure' from command line to 'False'
[0.196s] Level 5:colcon.colcon_core.verb:set package 'realsense_ros_gazebo' build argument 'ament_cmake_args' from command line to 'None'
[0.196s] Level 5:colcon.colcon_core.verb:set package 'realsense_ros_gazebo' build argument 'catkin_cmake_args' from command line to 'None'
[0.196s] Level 5:colcon.colcon_core.verb:set package 'realsense_ros_gazebo' build argument 'catkin_skip_building_tests' from command line to 'False'
[0.196s] DEBUG:colcon.colcon_core.verb:Building package 'realsense_ros_gazebo' with the following arguments: {'ament_cmake_args': None, 'build_base': '/home/abhiyaan-cu/ardc/Automated-Road-Dust-Collector/build/realsense_ros_gazebo', 'catkin_cmake_args': None, 'catkin_skip_building_tests': False, 'cmake_args': None, 'cmake_clean_cache': False, 'cmake_clean_first': False, 'cmake_force_configure': False, 'cmake_target': None, 'cmake_target_skip_unavailable': False, 'install_base': '/home/abhiyaan-cu/ardc/Automated-Road-Dust-Collector/install/realsense_ros_gazebo', 'merge_install': False, 'path': '/home/abhiyaan-cu/ardc/Automated-Road-Dust-Collector/src/realsense_ros_gazebo', 'symlink_install': False, 'test_result_base': None}
[0.196s] Level 5:colcon.colcon_core.verb:set package 'rviz2_config' build argument 'cmake_args' from command line to 'None'
[0.196s] Level 5:colcon.colcon_core.verb:set package 'rviz2_config' build argument 'cmake_target' from command line to 'None'
[0.196s] Level 5:colcon.colcon_core.verb:set package 'rviz2_config' build argument 'cmake_target_skip_unavailable' from command line to 'False'
[0.196s] Level 5:colcon.colcon_core.verb:set package 'rviz2_config' build argument 'cmake_clean_cache' from command line to 'False'
[0.196s] Level 5:colcon.colcon_core.verb:set package 'rviz2_config' build argument 'cmake_clean_first' from command line to 'False'
[0.196s] Level 5:colcon.colcon_core.verb:set package 'rviz2_config' build argument 'cmake_force_configure' from command line to 'False'
[0.196s] Level 5:colcon.colcon_core.verb:set package 'rviz2_config' build argument 'ament_cmake_args' from command line to 'None'
[0.196s] Level 5:colcon.colcon_core.verb:set package 'rviz2_config' build argument 'catkin_cmake_args' from command line to 'None'
[0.196s] Level 5:colcon.colcon_core.verb:set package 'rviz2_config' build argument 'catkin_skip_building_tests' from command line to 'False'
[0.196s] DEBUG:colcon.colcon_core.verb:Building package 'rviz2_config' with the following arguments: {'ament_cmake_args': None, 'build_base': '/home/abhiyaan-cu/ardc/Automated-Road-Dust-Collector/build/rviz2_config', 'catkin_cmake_args': None, 'catkin_skip_building_tests': False, 'cmake_args': None, 'cmake_clean_cache': False, 'cmake_clean_first': False, 'cmake_force_configure': False, 'cmake_target': None, 'cmake_target_skip_unavailable': False, 'install_base': '/home/abhiyaan-cu/ardc/Automated-Road-Dust-Collector/install/rviz2_config', 'merge_install': False, 'path': '/home/abhiyaan-cu/ardc/Automated-Road-Dust-Collector/src/LiDAR-Processing-V2/src/rviz2_config', 'symlink_install': False, 'test_result_base': None}
[0.197s] Level 5:colcon.colcon_core.verb:set package 'linefit_ground_segmentation_ros' build argument 'cmake_args' from command line to 'None'
[0.197s] Level 5:colcon.colcon_core.verb:set package 'linefit_ground_segmentation_ros' build argument 'cmake_target' from command line to 'None'
[0.197s] Level 5:colcon.colcon_core.verb:set package 'linefit_ground_segmentation_ros' build argument 'cmake_target_skip_unavailable' from command line to 'False'
[0.197s] Level 5:colcon.colcon_core.verb:set package 'linefit_ground_segmentation_ros' build argument 'cmake_clean_cache' from command line to 'False'
[0.197s] Level 5:colcon.colcon_core.verb:set package 'linefit_ground_segmentation_ros' build argument 'cmake_clean_first' from command line to 'False'
[0.197s] Level 5:colcon.colcon_core.verb:set package 'linefit_ground_segmentation_ros' build argument 'cmake_force_configure' from command line to 'False'
[0.197s] Level 5:colcon.colcon_core.verb:set package 'linefit_ground_segmentation_ros' build argument 'ament_cmake_args' from command line to 'None'
[0.197s] Level 5:colcon.colcon_core.verb:set package 'linefit_ground_segmentation_ros' build argument 'catkin_cmake_args' from command line to 'None'
[0.197s] Level 5:colcon.colcon_core.verb:set package 'linefit_ground_segmentation_ros' build argument 'catkin_skip_building_tests' from command line to 'False'
[0.197s] DEBUG:colcon.colcon_core.verb:Building package 'linefit_ground_segmentation_ros' with the following arguments: {'ament_cmake_args': None, 'build_base': '/home/abhiyaan-cu/ardc/Automated-Road-Dust-Collector/build/linefit_ground_segmentation_ros', 'catkin_cmake_args': None, 'catkin_skip_building_tests': False, 'cmake_args': None, 'cmake_clean_cache': False, 'cmake_clean_first': False, 'cmake_force_configure': False, 'cmake_target': None, 'cmake_target_skip_unavailable': False, 'install_base': '/home/abhiyaan-cu/ardc/Automated-Road-Dust-Collector/install/linefit_ground_segmentation_ros', 'merge_install': False, 'path': '/home/abhiyaan-cu/ardc/Automated-Road-Dust-Collector/src/linefit_ground_segmentation_ros2/linefit_ground_segmentation_ros', 'symlink_install': False, 'test_result_base': None}
[0.197s] Level 5:colcon.colcon_core.verb:set package 'processor' build argument 'cmake_args' from command line to 'None'
[0.197s] Level 5:colcon.colcon_core.verb:set package 'processor' build argument 'cmake_target' from command line to 'None'
[0.197s] Level 5:colcon.colcon_core.verb:set package 'processor' build argument 'cmake_target_skip_unavailable' from command line to 'False'
[0.197s] Level 5:colcon.colcon_core.verb:set package 'processor' build argument 'cmake_clean_cache' from command line to 'False'
[0.197s] Level 5:colcon.colcon_core.verb:set package 'processor' build argument 'cmake_clean_first' from command line to 'False'
[0.197s] Level 5:colcon.colcon_core.verb:set package 'processor' build argument 'cmake_force_configure' from command line to 'False'
[0.197s] Level 5:colcon.colcon_core.verb:set package 'processor' build argument 'ament_cmake_args' from command line to 'None'
[0.197s] Level 5:colcon.colcon_core.verb:set package 'processor' build argument 'catkin_cmake_args' from command line to 'None'
[0.197s] Level 5:colcon.colcon_core.verb:set package 'processor' build argument 'catkin_skip_building_tests' from command line to 'False'
[0.197s] DEBUG:colcon.colcon_core.verb:Building package 'processor' with the following arguments: {'ament_cmake_args': None, 'build_base': '/home/abhiyaan-cu/ardc/Automated-Road-Dust-Collector/build/processor', 'catkin_cmake_args': None, 'catkin_skip_building_tests': False, 'cmake_args': None, 'cmake_clean_cache': False, 'cmake_clean_first': False, 'cmake_force_configure': False, 'cmake_target': None, 'cmake_target_skip_unavailable': False, 'install_base': '/home/abhiyaan-cu/ardc/Automated-Road-Dust-Collector/install/processor', 'merge_install': False, 'path': '/home/abhiyaan-cu/ardc/Automated-Road-Dust-Collector/src/LiDAR-Processing-V2/src/processor', 'symlink_install': False, 'test_result_base': None}
[0.197s] Level 5:colcon.colcon_core.verb:set package 'ros2_livox_simulation' build argument 'cmake_args' from command line to 'None'
[0.197s] Level 5:colcon.colcon_core.verb:set package 'ros2_livox_simulation' build argument 'cmake_target' from command line to 'None'
[0.197s] Level 5:colcon.colcon_core.verb:set package 'ros2_livox_simulation' build argument 'cmake_target_skip_unavailable' from command line to 'False'
[0.197s] Level 5:colcon.colcon_core.verb:set package 'ros2_livox_simulation' build argument 'cmake_clean_cache' from command line to 'False'
[0.197s] Level 5:colcon.colcon_core.verb:set package 'ros2_livox_simulation' build argument 'cmake_clean_first' from command line to 'False'
[0.197s] Level 5:colcon.colcon_core.verb:set package 'ros2_livox_simulation' build argument 'cmake_force_configure' from command line to 'False'
[0.197s] Level 5:colcon.colcon_core.verb:set package 'ros2_livox_simulation' build argument 'ament_cmake_args' from command line to 'None'
[0.197s] Level 5:colcon.colcon_core.verb:set package 'ros2_livox_simulation' build argument 'catkin_cmake_args' from command line to 'None'
[0.197s] Level 5:colcon.colcon_core.verb:set package 'ros2_livox_simulation' build argument 'catkin_skip_building_tests' from command line to 'False'
[0.197s] DEBUG:colcon.colcon_core.verb:Building package 'ros2_livox_simulation' with the following arguments: {'ament_cmake_args': None, 'build_base': '/home/abhiyaan-cu/ardc/Automated-Road-Dust-Collector/build/ros2_livox_simulation', 'catkin_cmake_args': None, 'catkin_skip_building_tests': False, 'cmake_args': None, 'cmake_clean_cache': False, 'cmake_clean_first': False, 'cmake_force_configure': False, 'cmake_target': None, 'cmake_target_skip_unavailable': False, 'install_base': '/home/abhiyaan-cu/ardc/Automated-Road-Dust-Collector/install/ros2_livox_simulation', 'merge_install': False, 'path': '/home/abhiyaan-cu/ardc/Automated-Road-Dust-Collector/src/livox_laser_simulation_RO2', 'symlink_install': False, 'test_result_base': None}
[0.197s] INFO:colcon.colcon_core.executor:Executing jobs using 'parallel' executor
[0.198s] DEBUG:colcon.colcon_parallel_executor.executor.parallel:run_until_complete
[0.198s] INFO:colcon.colcon_cmake.task.cmake.build:Building CMake package in '/home/abhiyaan-cu/ardc/Automated-Road-Dust-Collector/src/LiDAR-Processing-V2/lidar_processing_lib'
[0.200s] INFO:colcon.colcon_core.plugin_system:Skipping extension 'colcon_core.shell.bat': Not used on non-Windows systems
[0.200s] INFO:colcon.colcon_core.shell:Skip shell extension 'powershell' for command environment: Not usable outside of PowerShell
[0.200s] DEBUG:colcon.colcon_core.shell:Skip shell extension 'dsv' for command environment
[0.202s] INFO:colcon.colcon_ros.task.ament_cmake.build:Building ROS package in '/home/abhiyaan-cu/ardc/Automated-Road-Dust-Collector/src/linefit_ground_segmentation_ros2/linefit_ground_segmentation' with build type 'ament_cmake'
[0.202s] INFO:colcon.colcon_cmake.task.cmake.build:Building CMake package in '/home/abhiyaan-cu/ardc/Automated-Road-Dust-Collector/src/linefit_ground_segmentation_ros2/linefit_ground_segmentation'
[0.202s] INFO:colcon.colcon_core.shell:Skip shell extension 'powershell' for command environment: Not usable outside of PowerShell
[0.202s] DEBUG:colcon.colcon_core.shell:Skip shell extension 'dsv' for command environment
[0.204s] INFO:colcon.colcon_ros.task.ament_cmake.build:Building ROS package in '/home/abhiyaan-cu/ardc/Automated-Road-Dust-Collector/src/livox_ros_driver2' with build type 'ament_cmake'
[0.204s] INFO:colcon.colcon_cmake.task.cmake.build:Building CMake package in '/home/abhiyaan-cu/ardc/Automated-Road-Dust-Collector/src/livox_ros_driver2'
[0.204s] INFO:colcon.colcon_core.shell:Skip shell extension 'powershell' for command environment: Not usable outside of PowerShell
[0.204s] DEBUG:colcon.colcon_core.shell:Skip shell extension 'dsv' for command environment
[0.206s] INFO:colcon.colcon_ros.task.ament_cmake.build:Building ROS package in '/home/abhiyaan-cu/ardc/Automated-Road-Dust-Collector/src/LiDAR-Processing-V2/src/dataloader' with build type 'ament_cmake'
[0.206s] INFO:colcon.colcon_cmake.task.cmake.build:Building CMake package in '/home/abhiyaan-cu/ardc/Automated-Road-Dust-Collector/src/LiDAR-Processing-V2/src/dataloader'
[0.206s] INFO:colcon.colcon_core.shell:Skip shell extension 'powershell' for command environment: Not usable outside of PowerShell
[0.206s] DEBUG:colcon.colcon_core.shell:Skip shell extension 'dsv' for command environment
[0.207s] INFO:colcon.colcon_ros.task.ament_cmake.build:Building ROS package in '/home/abhiyaan-cu/ardc/Automated-Road-Dust-Collector/src/LiDAR-Processing-V2/src/launch_pkg' with build type 'ament_cmake'
[0.207s] INFO:colcon.colcon_cmake.task.cmake.build:Building CMake package in '/home/abhiyaan-cu/ardc/Automated-Road-Dust-Collector/src/LiDAR-Processing-V2/src/launch_pkg'
[0.207s] INFO:colcon.colcon_core.shell:Skip shell extension 'powershell' for command environment: Not usable outside of PowerShell
[0.207s] DEBUG:colcon.colcon_core.shell:Skip shell extension 'dsv' for command environment
[0.209s] INFO:colcon.colcon_ros.task.ament_cmake.build:Building ROS package in '/home/abhiyaan-cu/ardc/Automated-Road-Dust-Collector/src/model_pkg' with build type 'ament_cmake'
[0.209s] INFO:colcon.colcon_cmake.task.cmake.build:Building CMake package in '/home/abhiyaan-cu/ardc/Automated-Road-Dust-Collector/src/model_pkg'
[0.209s] INFO:colcon.colcon_core.shell:Skip shell extension 'powershell' for command environment: Not usable outside of PowerShell
[0.209s] DEBUG:colcon.colcon_core.shell:Skip shell extension 'dsv' for command environment
[0.210s] INFO:colcon.colcon_ros.task.ament_cmake.build:Building ROS package in '/home/abhiyaan-cu/ardc/Automated-Road-Dust-Collector/src/realsense_ros_gazebo' with build type 'ament_cmake'
[0.210s] INFO:colcon.colcon_cmake.task.cmake.build:Building CMake package in '/home/abhiyaan-cu/ardc/Automated-Road-Dust-Collector/src/realsense_ros_gazebo'
[0.211s] INFO:colcon.colcon_core.shell:Skip shell extension 'powershell' for command environment: Not usable outside of PowerShell
[0.211s] DEBUG:colcon.colcon_core.shell:Skip shell extension 'dsv' for command environment
[0.212s] INFO:colcon.colcon_ros.task.ament_cmake.build:Building ROS package in '/home/abhiyaan-cu/ardc/Automated-Road-Dust-Collector/src/LiDAR-Processing-V2/src/rviz2_config' with build type 'ament_cmake'
[0.212s] INFO:colcon.colcon_cmake.task.cmake.build:Building CMake package in '/home/abhiyaan-cu/ardc/Automated-Road-Dust-Collector/src/LiDAR-Processing-V2/src/rviz2_config'
[0.212s] INFO:colcon.colcon_core.shell:Skip shell extension 'powershell' for command environment: Not usable outside of PowerShell
[0.212s] DEBUG:colcon.colcon_core.shell:Skip shell extension 'dsv' for command environment
[0.217s] DEBUG:colcon.colcon_core.event_handler.log_command:Invoking command in '/home/abhiyaan-cu/ardc/Automated-Road-Dust-Collector/build/lidar_processing_lib': /usr/bin/cmake /home/abhiyaan-cu/ardc/Automated-Road-Dust-Collector/src/LiDAR-Processing-V2/lidar_processing_lib -DCMAKE_INSTALL_PREFIX=/home/abhiyaan-cu/ardc/Automated-Road-Dust-Collector/install/lidar_processing_lib
[0.218s] DEBUG:colcon.colcon_core.event_handler.log_command:Invoking command in '/home/abhiyaan-cu/ardc/Automated-Road-Dust-Collector/build/linefit_ground_segmentation': CMAKE_PREFIX_PATH=/opt/ros/humble /usr/bin/cmake /home/abhiyaan-cu/ardc/Automated-Road-Dust-Collector/src/linefit_ground_segmentation_ros2/linefit_ground_segmentation -DCMAKE_INSTALL_PREFIX=/home/abhiyaan-cu/ardc/Automated-Road-Dust-Collector/install/linefit_ground_segmentation
[0.219s] DEBUG:colcon.colcon_core.event_handler.log_command:Invoking command in '/home/abhiyaan-cu/ardc/Automated-Road-Dust-Collector/build/livox_ros_driver2': CMAKE_PREFIX_PATH=/opt/ros/humble /usr/bin/cmake /home/abhiyaan-cu/ardc/Automated-Road-Dust-Collector/src/livox_ros_driver2 -DCMAKE_INSTALL_PREFIX=/home/abhiyaan-cu/ardc/Automated-Road-Dust-Collector/install/livox_ros_driver2
[0.219s] DEBUG:colcon.colcon_core.event_handler.log_command:Invoking command in '/home/abhiyaan-cu/ardc/Automated-Road-Dust-Collector/build/dataloader': CMAKE_PREFIX_PATH=/opt/ros/humble /usr/bin/cmake /home/abhiyaan-cu/ardc/Automated-Road-Dust-Collector/src/LiDAR-Processing-V2/src/dataloader -DCMAKE_INSTALL_PREFIX=/home/abhiyaan-cu/ardc/Automated-Road-Dust-Collector/install/dataloader
[0.220s] DEBUG:colcon.colcon_core.event_handler.log_command:Invoking command in '/home/abhiyaan-cu/ardc/Automated-Road-Dust-Collector/build/launch_pkg': CMAKE_PREFIX_PATH=/opt/ros/humble /usr/bin/cmake /home/abhiyaan-cu/ardc/Automated-Road-Dust-Collector/src/LiDAR-Processing-V2/src/launch_pkg -DCMAKE_INSTALL_PREFIX=/home/abhiyaan-cu/ardc/Automated-Road-Dust-Collector/install/launch_pkg
[0.232s] DEBUG:colcon.colcon_core.event_handler.log_command:Invoking command in '/home/abhiyaan-cu/ardc/Automated-Road-Dust-Collector/build/model_pkg': CMAKE_PREFIX_PATH=/opt/ros/humble /usr/bin/cmake /home/abhiyaan-cu/ardc/Automated-Road-Dust-Collector/src/model_pkg -DCMAKE_INSTALL_PREFIX=/home/abhiyaan-cu/ardc/Automated-Road-Dust-Collector/install/model_pkg
[0.233s] DEBUG:colcon.colcon_core.event_handler.log_command:Invoking command in '/home/abhiyaan-cu/ardc/Automated-Road-Dust-Collector/build/realsense_ros_gazebo': CMAKE_PREFIX_PATH=/opt/ros/humble /usr/bin/cmake /home/abhiyaan-cu/ardc/Automated-Road-Dust-Collector/src/realsense_ros_gazebo -DCMAKE_INSTALL_PREFIX=/home/abhiyaan-cu/ardc/Automated-Road-Dust-Collector/install/realsense_ros_gazebo
[0.236s] DEBUG:colcon.colcon_core.event_handler.log_command:Invoking command in '/home/abhiyaan-cu/ardc/Automated-Road-Dust-Collector/build/rviz2_config': CMAKE_PREFIX_PATH=/opt/ros/humble /usr/bin/cmake /home/abhiyaan-cu/ardc/Automated-Road-Dust-Collector/src/LiDAR-Processing-V2/src/rviz2_config -DCMAKE_INSTALL_PREFIX=/home/abhiyaan-cu/ardc/Automated-Road-Dust-Collector/install/rviz2_config
[0.648s] DEBUG:colcon.colcon_core.event_handler.log_command:Invoked command in '/home/abhiyaan-cu/ardc/Automated-Road-Dust-Collector/build/launch_pkg' returned '0': CMAKE_PREFIX_PATH=/opt/ros/humble /usr/bin/cmake /home/abhiyaan-cu/ardc/Automated-Road-Dust-Collector/src/LiDAR-Processing-V2/src/launch_pkg -DCMAKE_INSTALL_PREFIX=/home/abhiyaan-cu/ardc/Automated-Road-Dust-Collector/install/launch_pkg
[0.650s] DEBUG:colcon.colcon_core.event_handler.log_command:Invoking command in '/home/abhiyaan-cu/ardc/Automated-Road-Dust-Collector/build/launch_pkg': CMAKE_PREFIX_PATH=/opt/ros/humble /usr/bin/cmake --build /home/abhiyaan-cu/ardc/Automated-Road-Dust-Collector/build/launch_pkg -- -j20 -l20
[0.650s] DEBUG:colcon.colcon_core.event_handler.log_command:Invoked command in '/home/abhiyaan-cu/ardc/Automated-Road-Dust-Collector/build/rviz2_config' returned '0': CMAKE_PREFIX_PATH=/opt/ros/humble /usr/bin/cmake /home/abhiyaan-cu/ardc/Automated-Road-Dust-Collector/src/LiDAR-Processing-V2/src/rviz2_config -DCMAKE_INSTALL_PREFIX=/home/abhiyaan-cu/ardc/Automated-Road-Dust-Collector/install/rviz2_config
[0.651s] DEBUG:colcon.colcon_core.event_handler.log_command:Invoking command in '/home/abhiyaan-cu/ardc/Automated-Road-Dust-Collector/build/rviz2_config': CMAKE_PREFIX_PATH=/opt/ros/humble /usr/bin/cmake --build /home/abhiyaan-cu/ardc/Automated-Road-Dust-Collector/build/rviz2_config -- -j20 -l20
[0.670s] DEBUG:colcon.colcon_core.event_handler.log_command:Invoked command in '/home/abhiyaan-cu/ardc/Automated-Road-Dust-Collector/build/launch_pkg' returned '0': CMAKE_PREFIX_PATH=/opt/ros/humble /usr/bin/cmake --build /home/abhiyaan-cu/ardc/Automated-Road-Dust-Collector/build/launch_pkg -- -j20 -l20
[0.676s] DEBUG:colcon.colcon_core.event_handler.log_command:Invoking command in '/home/abhiyaan-cu/ardc/Automated-Road-Dust-Collector/build/launch_pkg': CMAKE_PREFIX_PATH=/opt/ros/humble /usr/bin/cmake --install /home/abhiyaan-cu/ardc/Automated-Road-Dust-Collector/build/launch_pkg
[0.677s] DEBUG:colcon.colcon_core.event_handler.log_command:Invoked command in '/home/abhiyaan-cu/ardc/Automated-Road-Dust-Collector/build/model_pkg' returned '0': CMAKE_PREFIX_PATH=/opt/ros/humble /usr/bin/cmake /home/abhiyaan-cu/ardc/Automated-Road-Dust-Collector/src/model_pkg -DCMAKE_INSTALL_PREFIX=/home/abhiyaan-cu/ardc/Automated-Road-Dust-Collector/install/model_pkg
[0.678s] DEBUG:colcon.colcon_core.event_handler.log_command:Invoking command in '/home/abhiyaan-cu/ardc/Automated-Road-Dust-Collector/build/model_pkg': CMAKE_PREFIX_PATH=/opt/ros/humble /usr/bin/cmake --build /home/abhiyaan-cu/ardc/Automated-Road-Dust-Collector/build/model_pkg -- -j20 -l20
[0.680s] DEBUG:colcon.colcon_core.event_handler.log_command:Invoked command in '/home/abhiyaan-cu/ardc/Automated-Road-Dust-Collector/build/rviz2_config' returned '0': CMAKE_PREFIX_PATH=/opt/ros/humble /usr/bin/cmake --build /home/abhiyaan-cu/ardc/Automated-Road-Dust-Collector/build/rviz2_config -- -j20 -l20
[0.681s] DEBUG:colcon.colcon_core.event_handler.log_command:Invoking command in '/home/abhiyaan-cu/ardc/Automated-Road-Dust-Collector/build/rviz2_config': CMAKE_PREFIX_PATH=/opt/ros/humble /usr/bin/cmake --install /home/abhiyaan-cu/ardc/Automated-Road-Dust-Collector/build/rviz2_config
[0.683s] Level 1:colcon.colcon_core.environment:create_environment_scripts_only(launch_pkg)
[0.683s] DEBUG:colcon.colcon_core.event_handler.log_command:Invoked command in '/home/abhiyaan-cu/ardc/Automated-Road-Dust-Collector/build/launch_pkg' returned '0': CMAKE_PREFIX_PATH=/opt/ros/humble /usr/bin/cmake --install /home/abhiyaan-cu/ardc/Automated-Road-Dust-Collector/build/launch_pkg
[0.686s] Level 1:colcon.colcon_core.environment:checking '/home/abhiyaan-cu/ardc/Automated-Road-Dust-Collector/install/launch_pkg' for CMake module files
[0.687s] Level 1:colcon.colcon_core.environment:checking '/home/abhiyaan-cu/ardc/Automated-Road-Dust-Collector/install/launch_pkg' for CMake config files
[0.687s] Level 1:colcon.colcon_core.shell:create_environment_hook('launch_pkg', 'cmake_prefix_path')
[0.687s] INFO:colcon.colcon_core.shell:Creating environment hook '/home/abhiyaan-cu/ardc/Automated-Road-Dust-Collector/install/launch_pkg/share/launch_pkg/hook/cmake_prefix_path.ps1'
[0.688s] INFO:colcon.colcon_core.shell:Creating environment descriptor '/home/abhiyaan-cu/ardc/Automated-Road-Dust-Collector/install/launch_pkg/share/launch_pkg/hook/cmake_prefix_path.dsv'
[0.688s] INFO:colcon.colcon_core.shell:Creating environment hook '/home/abhiyaan-cu/ardc/Automated-Road-Dust-Collector/install/launch_pkg/share/launch_pkg/hook/cmake_prefix_path.sh'
[0.689s] Level 1:colcon.colcon_core.environment:checking '/home/abhiyaan-cu/ardc/Automated-Road-Dust-Collector/install/launch_pkg/bin'
[0.689s] Level 1:colcon.colcon_core.environment:checking '/home/abhiyaan-cu/ardc/Automated-Road-Dust-Collector/install/launch_pkg/lib/pkgconfig/launch_pkg.pc'
[0.689s] Level 1:colcon.colcon_core.environment:checking '/home/abhiyaan-cu/ardc/Automated-Road-Dust-Collector/install/launch_pkg/lib/python3.10/site-packages'
[0.690s] Level 1:colcon.colcon_core.environment:checking '/home/abhiyaan-cu/ardc/Automated-Road-Dust-Collector/install/launch_pkg/bin'
[0.690s] INFO:colcon.colcon_core.shell:Creating package script '/home/abhiyaan-cu/ardc/Automated-Road-Dust-Collector/install/launch_pkg/share/launch_pkg/package.ps1'
[0.690s] INFO:colcon.colcon_core.shell:Creating package descriptor '/home/abhiyaan-cu/ardc/Automated-Road-Dust-Collector/install/launch_pkg/share/launch_pkg/package.dsv'
[0.691s] INFO:colcon.colcon_core.shell:Creating package script '/home/abhiyaan-cu/ardc/Automated-Road-Dust-Collector/install/launch_pkg/share/launch_pkg/package.sh'
[0.691s] INFO:colcon.colcon_core.shell:Creating package script '/home/abhiyaan-cu/ardc/Automated-Road-Dust-Collector/install/launch_pkg/share/launch_pkg/package.bash'
[0.691s] INFO:colcon.colcon_core.shell:Creating package script '/home/abhiyaan-cu/ardc/Automated-Road-Dust-Collector/install/launch_pkg/share/launch_pkg/package.zsh'
[0.692s] Level 1:colcon.colcon_core.environment:create_file_with_runtime_dependencies(/home/abhiyaan-cu/ardc/Automated-Road-Dust-Collector/install/launch_pkg/share/colcon-core/packages/launch_pkg)
[0.692s] Level 1:colcon.colcon_core.environment:create_environment_scripts_only(launch_pkg)
[0.692s] Level 1:colcon.colcon_core.environment:checking '/home/abhiyaan-cu/ardc/Automated-Road-Dust-Collector/install/launch_pkg' for CMake module files
[0.692s] Level 1:colcon.colcon_core.environment:checking '/home/abhiyaan-cu/ardc/Automated-Road-Dust-Collector/install/launch_pkg' for CMake config files
[0.692s] Level 1:colcon.colcon_core.shell:create_environment_hook('launch_pkg', 'cmake_prefix_path')
[0.693s] INFO:colcon.colcon_core.shell:Creating environment hook '/home/abhiyaan-cu/ardc/Automated-Road-Dust-Collector/install/launch_pkg/share/launch_pkg/hook/cmake_prefix_path.ps1'
[0.693s] INFO:colcon.colcon_core.shell:Creating environment descriptor '/home/abhiyaan-cu/ardc/Automated-Road-Dust-Collector/install/launch_pkg/share/launch_pkg/hook/cmake_prefix_path.dsv'
[0.693s] INFO:colcon.colcon_core.shell:Creating environment hook '/home/abhiyaan-cu/ardc/Automated-Road-Dust-Collector/install/launch_pkg/share/launch_pkg/hook/cmake_prefix_path.sh'
[0.693s] Level 1:colcon.colcon_core.environment:checking '/home/abhiyaan-cu/ardc/Automated-Road-Dust-Collector/install/launch_pkg/bin'
[0.693s] Level 1:colcon.colcon_core.environment:checking '/home/abhiyaan-cu/ardc/Automated-Road-Dust-Collector/install/launch_pkg/lib/pkgconfig/launch_pkg.pc'
[0.694s] Level 1:colcon.colcon_core.environment:checking '/home/abhiyaan-cu/ardc/Automated-Road-Dust-Collector/install/launch_pkg/lib/python3.10/site-packages'
[0.694s] Level 1:colcon.colcon_core.environment:checking '/home/abhiyaan-cu/ardc/Automated-Road-Dust-Collector/install/launch_pkg/bin'
[0.694s] INFO:colcon.colcon_core.shell:Creating package script '/home/abhiyaan-cu/ardc/Automated-Road-Dust-Collector/install/launch_pkg/share/launch_pkg/package.ps1'
[0.694s] INFO:colcon.colcon_core.shell:Creating package descriptor '/home/abhiyaan-cu/ardc/Automated-Road-Dust-Collector/install/launch_pkg/share/launch_pkg/package.dsv'
[0.694s] INFO:colcon.colcon_core.shell:Creating package script '/home/abhiyaan-cu/ardc/Automated-Road-Dust-Collector/install/launch_pkg/share/launch_pkg/package.sh'
[0.695s] INFO:colcon.colcon_core.shell:Creating package script '/home/abhiyaan-cu/ardc/Automated-Road-Dust-Collector/install/launch_pkg/share/launch_pkg/package.bash'
[0.695s] INFO:colcon.colcon_core.shell:Creating package script '/home/abhiyaan-cu/ardc/Automated-Road-Dust-Collector/install/launch_pkg/share/launch_pkg/package.zsh'
[0.695s] Level 1:colcon.colcon_core.environment:create_file_with_runtime_dependencies(/home/abhiyaan-cu/ardc/Automated-Road-Dust-Collector/install/launch_pkg/share/colcon-core/packages/launch_pkg)
[0.696s] Level 1:colcon.colcon_core.environment:create_environment_scripts_only(rviz2_config)
[0.696s] Level 1:colcon.colcon_core.environment:checking '/home/abhiyaan-cu/ardc/Automated-Road-Dust-Collector/install/rviz2_config' for CMake module files
[0.696s] DEBUG:colcon.colcon_core.event_handler.log_command:Invoked command in '/home/abhiyaan-cu/ardc/Automated-Road-Dust-Collector/build/rviz2_config' returned '0': CMAKE_PREFIX_PATH=/opt/ros/humble /usr/bin/cmake --install /home/abhiyaan-cu/ardc/Automated-Road-Dust-Collector/build/rviz2_config
[0.697s] Level 1:colcon.colcon_core.environment:checking '/home/abhiyaan-cu/ardc/Automated-Road-Dust-Collector/install/rviz2_config' for CMake config files
[0.697s] Level 1:colcon.colcon_core.shell:create_environment_hook('rviz2_config', 'cmake_prefix_path')
[0.697s] INFO:colcon.colcon_core.shell:Creating environment hook '/home/abhiyaan-cu/ardc/Automated-Road-Dust-Collector/install/rviz2_config/share/rviz2_config/hook/cmake_prefix_path.ps1'
[0.698s] INFO:colcon.colcon_core.shell:Creating environment descriptor '/home/abhiyaan-cu/ardc/Automated-Road-Dust-Collector/install/rviz2_config/share/rviz2_config/hook/cmake_prefix_path.dsv'
[0.698s] INFO:colcon.colcon_core.shell:Creating environment hook '/home/abhiyaan-cu/ardc/Automated-Road-Dust-Collector/install/rviz2_config/share/rviz2_config/hook/cmake_prefix_path.sh'
[0.699s] Level 1:colcon.colcon_core.environment:checking '/home/abhiyaan-cu/ardc/Automated-Road-Dust-Collector/install/rviz2_config/bin'
[0.699s] Level 1:colcon.colcon_core.environment:checking '/home/abhiyaan-cu/ardc/Automated-Road-Dust-Collector/install/rviz2_config/lib/pkgconfig/rviz2_config.pc'
[0.699s] Level 1:colcon.colcon_core.environment:checking '/home/abhiyaan-cu/ardc/Automated-Road-Dust-Collector/install/rviz2_config/lib/python3.10/site-packages'
[0.699s] Level 1:colcon.colcon_core.environment:checking '/home/abhiyaan-cu/ardc/Automated-Road-Dust-Collector/install/rviz2_config/bin'
[0.699s] INFO:colcon.colcon_core.shell:Creating package script '/home/abhiyaan-cu/ardc/Automated-Road-Dust-Collector/install/rviz2_config/share/rviz2_config/package.ps1'
[0.700s] INFO:colcon.colcon_core.shell:Creating package descriptor '/home/abhiyaan-cu/ardc/Automated-Road-Dust-Collector/install/rviz2_config/share/rviz2_config/package.dsv'
[0.700s] INFO:colcon.colcon_core.shell:Creating package script '/home/abhiyaan-cu/ardc/Automated-Road-Dust-Collector/install/rviz2_config/share/rviz2_config/package.sh'
[0.700s] INFO:colcon.colcon_core.shell:Creating package script '/home/abhiyaan-cu/ardc/Automated-Road-Dust-Collector/install/rviz2_config/share/rviz2_config/package.bash'
[0.700s] INFO:colcon.colcon_core.shell:Creating package script '/home/abhiyaan-cu/ardc/Automated-Road-Dust-Collector/install/rviz2_config/share/rviz2_config/package.zsh'
[0.700s] Level 1:colcon.colcon_core.environment:create_file_with_runtime_dependencies(/home/abhiyaan-cu/ardc/Automated-Road-Dust-Collector/install/rviz2_config/share/colcon-core/packages/rviz2_config)
[0.701s] Level 1:colcon.colcon_core.environment:create_environment_scripts_only(rviz2_config)
[0.701s] Level 1:colcon.colcon_core.environment:checking '/home/abhiyaan-cu/ardc/Automated-Road-Dust-Collector/install/rviz2_config' for CMake module files
[0.701s] Level 1:colcon.colcon_core.environment:checking '/home/abhiyaan-cu/ardc/Automated-Road-Dust-Collector/install/rviz2_config' for CMake config files
[0.701s] Level 1:colcon.colcon_core.shell:create_environment_hook('rviz2_config', 'cmake_prefix_path')
[0.701s] INFO:colcon.colcon_core.shell:Creating environment hook '/home/abhiyaan-cu/ardc/Automated-Road-Dust-Collector/install/rviz2_config/share/rviz2_config/hook/cmake_prefix_path.ps1'
[0.702s] INFO:colcon.colcon_core.shell:Creating environment descriptor '/home/abhiyaan-cu/ardc/Automated-Road-Dust-Collector/install/rviz2_config/share/rviz2_config/hook/cmake_prefix_path.dsv'
[0.702s] INFO:colcon.colcon_core.shell:Creating environment hook '/home/abhiyaan-cu/ardc/Automated-Road-Dust-Collector/install/rviz2_config/share/rviz2_config/hook/cmake_prefix_path.sh'
[0.702s] Level 1:colcon.colcon_core.environment:checking '/home/abhiyaan-cu/ardc/Automated-Road-Dust-Collector/install/rviz2_config/bin'
[0.702s] Level 1:colcon.colcon_core.environment:checking '/home/abhiyaan-cu/ardc/Automated-Road-Dust-Collector/install/rviz2_config/lib/pkgconfig/rviz2_config.pc'
[0.702s] Level 1:colcon.colcon_core.environment:checking '/home/abhiyaan-cu/ardc/Automated-Road-Dust-Collector/install/rviz2_config/lib/python3.10/site-packages'
[0.702s] Level 1:colcon.colcon_core.environment:checking '/home/abhiyaan-cu/ardc/Automated-Road-Dust-Collector/install/rviz2_config/bin'
[0.702s] INFO:colcon.colcon_core.shell:Creating package script '/home/abhiyaan-cu/ardc/Automated-Road-Dust-Collector/install/rviz2_config/share/rviz2_config/package.ps1'
[0.703s] INFO:colcon.colcon_core.shell:Creating package descriptor '/home/abhiyaan-cu/ardc/Automated-Road-Dust-Collector/install/rviz2_config/share/rviz2_config/package.dsv'
[0.703s] INFO:colcon.colcon_core.shell:Creating package script '/home/abhiyaan-cu/ardc/Automated-Road-Dust-Collector/install/rviz2_config/share/rviz2_config/package.sh'
[0.703s] INFO:colcon.colcon_core.shell:Creating package script '/home/abhiyaan-cu/ardc/Automated-Road-Dust-Collector/install/rviz2_config/share/rviz2_config/package.bash'
[0.703s] INFO:colcon.colcon_core.shell:Creating package script '/home/abhiyaan-cu/ardc/Automated-Road-Dust-Collector/install/rviz2_config/share/rviz2_config/package.zsh'
[0.703s] Level 1:colcon.colcon_core.environment:create_file_with_runtime_dependencies(/home/abhiyaan-cu/ardc/Automated-Road-Dust-Collector/install/rviz2_config/share/colcon-core/packages/rviz2_config)
[0.704s] DEBUG:colcon.colcon_core.event_handler.log_command:Invoked command in '/home/abhiyaan-cu/ardc/Automated-Road-Dust-Collector/build/model_pkg' returned '0': CMAKE_PREFIX_PATH=/opt/ros/humble /usr/bin/cmake --build /home/abhiyaan-cu/ardc/Automated-Road-Dust-Collector/build/model_pkg -- -j20 -l20
[0.706s] DEBUG:colcon.colcon_core.event_handler.log_command:Invoking command in '/home/abhiyaan-cu/ardc/Automated-Road-Dust-Collector/build/model_pkg': CMAKE_PREFIX_PATH=/opt/ros/humble /usr/bin/cmake --install /home/abhiyaan-cu/ardc/Automated-Road-Dust-Collector/build/model_pkg
[0.714s] Level 1:colcon.colcon_core.environment:create_environment_scripts_only(model_pkg)
[0.714s] Level 1:colcon.colcon_core.environment:checking '/home/abhiyaan-cu/ardc/Automated-Road-Dust-Collector/install/model_pkg' for CMake module files
[0.714s] DEBUG:colcon.colcon_core.event_handler.log_command:Invoked command in '/home/abhiyaan-cu/ardc/Automated-Road-Dust-Collector/build/model_pkg' returned '0': CMAKE_PREFIX_PATH=/opt/ros/humble /usr/bin/cmake --install /home/abhiyaan-cu/ardc/Automated-Road-Dust-Collector/build/model_pkg
[0.714s] Level 1:colcon.colcon_core.environment:checking '/home/abhiyaan-cu/ardc/Automated-Road-Dust-Collector/install/model_pkg' for CMake config files
[0.714s] Level 1:colcon.colcon_core.shell:create_environment_hook('model_pkg', 'cmake_prefix_path')
[0.715s] INFO:colcon.colcon_core.shell:Creating environment hook '/home/abhiyaan-cu/ardc/Automated-Road-Dust-Collector/install/model_pkg/share/model_pkg/hook/cmake_prefix_path.ps1'
[0.715s] INFO:colcon.colcon_core.shell:Creating environment descriptor '/home/abhiyaan-cu/ardc/Automated-Road-Dust-Collector/install/model_pkg/share/model_pkg/hook/cmake_prefix_path.dsv'
[0.715s] INFO:colcon.colcon_core.shell:Creating environment hook '/home/abhiyaan-cu/ardc/Automated-Road-Dust-Collector/install/model_pkg/share/model_pkg/hook/cmake_prefix_path.sh'
[0.715s] Level 1:colcon.colcon_core.environment:checking '/home/abhiyaan-cu/ardc/Automated-Road-Dust-Collector/install/model_pkg/bin'
[0.715s] Level 1:colcon.colcon_core.environment:checking '/home/abhiyaan-cu/ardc/Automated-Road-Dust-Collector/install/model_pkg/lib/pkgconfig/model_pkg.pc'
[0.716s] Level 1:colcon.colcon_core.environment:checking '/home/abhiyaan-cu/ardc/Automated-Road-Dust-Collector/install/model_pkg/lib/python3.10/site-packages'
[0.716s] Level 1:colcon.colcon_core.environment:checking '/home/abhiyaan-cu/ardc/Automated-Road-Dust-Collector/install/model_pkg/bin'
[0.716s] INFO:colcon.colcon_core.shell:Creating package script '/home/abhiyaan-cu/ardc/Automated-Road-Dust-Collector/install/model_pkg/share/model_pkg/package.ps1'
[0.716s] INFO:colcon.colcon_core.shell:Creating package descriptor '/home/abhiyaan-cu/ardc/Automated-Road-Dust-Collector/install/model_pkg/share/model_pkg/package.dsv'
[0.716s] INFO:colcon.colcon_core.shell:Creating package script '/home/abhiyaan-cu/ardc/Automated-Road-Dust-Collector/install/model_pkg/share/model_pkg/package.sh'
[0.717s] INFO:colcon.colcon_core.shell:Creating package script '/home/abhiyaan-cu/ardc/Automated-Road-Dust-Collector/install/model_pkg/share/model_pkg/package.bash'
[0.717s] INFO:colcon.colcon_core.shell:Creating package script '/home/abhiyaan-cu/ardc/Automated-Road-Dust-Collector/install/model_pkg/share/model_pkg/package.zsh'
[0.717s] Level 1:colcon.colcon_core.environment:create_file_with_runtime_dependencies(/home/abhiyaan-cu/ardc/Automated-Road-Dust-Collector/install/model_pkg/share/colcon-core/packages/model_pkg)
[0.717s] Level 1:colcon.colcon_core.environment:create_environment_scripts_only(model_pkg)
[0.717s] Level 1:colcon.colcon_core.environment:checking '/home/abhiyaan-cu/ardc/Automated-Road-Dust-Collector/install/model_pkg' for CMake module files
[0.718s] Level 1:colcon.colcon_core.environment:checking '/home/abhiyaan-cu/ardc/Automated-Road-Dust-Collector/install/model_pkg' for CMake config files
[0.718s] Level 1:colcon.colcon_core.shell:create_environment_hook('model_pkg', 'cmake_prefix_path')
[0.718s] INFO:colcon.colcon_core.shell:Creating environment hook '/home/abhiyaan-cu/ardc/Automated-Road-Dust-Collector/install/model_pkg/share/model_pkg/hook/cmake_prefix_path.ps1'
[0.718s] INFO:colcon.colcon_core.shell:Creating environment descriptor '/home/abhiyaan-cu/ardc/Automated-Road-Dust-Collector/install/model_pkg/share/model_pkg/hook/cmake_prefix_path.dsv'
[0.718s] INFO:colcon.colcon_core.shell:Creating environment hook '/home/abhiyaan-cu/ardc/Automated-Road-Dust-Collector/install/model_pkg/share/model_pkg/hook/cmake_prefix_path.sh'
[0.718s] Level 1:colcon.colcon_core.environment:checking '/home/abhiyaan-cu/ardc/Automated-Road-Dust-Collector/install/model_pkg/bin'
[0.718s] Level 1:colcon.colcon_core.environment:checking '/home/abhiyaan-cu/ardc/Automated-Road-Dust-Collector/install/model_pkg/lib/pkgconfig/model_pkg.pc'
[0.719s] Level 1:colcon.colcon_core.environment:checking '/home/abhiyaan-cu/ardc/Automated-Road-Dust-Collector/install/model_pkg/lib/python3.10/site-packages'
[0.719s] Level 1:colcon.colcon_core.environment:checking '/home/abhiyaan-cu/ardc/Automated-Road-Dust-Collector/install/model_pkg/bin'
[0.719s] INFO:colcon.colcon_core.shell:Creating package script '/home/abhiyaan-cu/ardc/Automated-Road-Dust-Collector/install/model_pkg/share/model_pkg/package.ps1'
[0.719s] INFO:colcon.colcon_core.shell:Creating package descriptor '/home/abhiyaan-cu/ardc/Automated-Road-Dust-Collector/install/model_pkg/share/model_pkg/package.dsv'
[0.719s] INFO:colcon.colcon_core.shell:Creating package script '/home/abhiyaan-cu/ardc/Automated-Road-Dust-Collector/install/model_pkg/share/model_pkg/package.sh'
[0.719s] INFO:colcon.colcon_core.shell:Creating package script '/home/abhiyaan-cu/ardc/Automated-Road-Dust-Collector/install/model_pkg/share/model_pkg/package.bash'
[0.720s] INFO:colcon.colcon_core.shell:Creating package script '/home/abhiyaan-cu/ardc/Automated-Road-Dust-Collector/install/model_pkg/share/model_pkg/package.zsh'
[0.720s] Level 1:colcon.colcon_core.environment:create_file_with_runtime_dependencies(/home/abhiyaan-cu/ardc/Automated-Road-Dust-Collector/install/model_pkg/share/colcon-core/packages/model_pkg)
[1.583s] DEBUG:colcon.colcon_core.event_handler.log_command:Invoked command in '/home/abhiyaan-cu/ardc/Automated-Road-Dust-Collector/build/realsense_ros_gazebo' returned '0': CMAKE_PREFIX_PATH=/opt/ros/humble /usr/bin/cmake /home/abhiyaan-cu/ardc/Automated-Road-Dust-Collector/src/realsense_ros_gazebo -DCMAKE_INSTALL_PREFIX=/home/abhiyaan-cu/ardc/Automated-Road-Dust-Collector/install/realsense_ros_gazebo
[1.584s] DEBUG:colcon.colcon_core.event_handler.log_command:Invoking command in '/home/abhiyaan-cu/ardc/Automated-Road-Dust-Collector/build/realsense_ros_gazebo': CMAKE_PREFIX_PATH=/opt/ros/humble /usr/bin/cmake --build /home/abhiyaan-cu/ardc/Automated-Road-Dust-Collector/build/realsense_ros_gazebo -- -j20 -l20
[1.633s] DEBUG:colcon.colcon_core.event_handler.log_command:Invoked command in '/home/abhiyaan-cu/ardc/Automated-Road-Dust-Collector/build/lidar_processing_lib' returned '0': /usr/bin/cmake /home/abhiyaan-cu/ardc/Automated-Road-Dust-Collector/src/LiDAR-Processing-V2/lidar_processing_lib -DCMAKE_INSTALL_PREFIX=/home/abhiyaan-cu/ardc/Automated-Road-Dust-Collector/install/lidar_processing_lib
[1.634s] DEBUG:colcon.colcon_core.event_handler.log_command:Invoking command in '/home/abhiyaan-cu/ardc/Automated-Road-Dust-Collector/build/lidar_processing_lib': /usr/bin/cmake --build /home/abhiyaan-cu/ardc/Automated-Road-Dust-Collector/build/lidar_processing_lib -- -j20 -l20
[1.982s] DEBUG:colcon.colcon_core.event_handler.log_command:Invoked command in '/home/abhiyaan-cu/ardc/Automated-Road-Dust-Collector/build/dataloader' returned '0': CMAKE_PREFIX_PATH=/opt/ros/humble /usr/bin/cmake /home/abhiyaan-cu/ardc/Automated-Road-Dust-Collector/src/LiDAR-Processing-V2/src/dataloader -DCMAKE_INSTALL_PREFIX=/home/abhiyaan-cu/ardc/Automated-Road-Dust-Collector/install/dataloader
[1.984s] DEBUG:colcon.colcon_core.event_handler.log_command:Invoking command in '/home/abhiyaan-cu/ardc/Automated-Road-Dust-Collector/build/dataloader': CMAKE_PREFIX_PATH=/opt/ros/humble /usr/bin/cmake --build /home/abhiyaan-cu/ardc/Automated-Road-Dust-Collector/build/dataloader -- -j20 -l20
[2.118s] DEBUG:colcon.colcon_core.event_handler.log_command:Invoked command in '/home/abhiyaan-cu/ardc/Automated-Road-Dust-Collector/build/linefit_ground_segmentation' returned '0': CMAKE_PREFIX_PATH=/opt/ros/humble /usr/bin/cmake /home/abhiyaan-cu/ardc/Automated-Road-Dust-Collector/src/linefit_ground_segmentation_ros2/linefit_ground_segmentation -DCMAKE_INSTALL_PREFIX=/home/abhiyaan-cu/ardc/Automated-Road-Dust-Collector/install/linefit_ground_segmentation
[2.120s] DEBUG:colcon.colcon_core.event_handler.log_command:Invoking command in '/home/abhiyaan-cu/ardc/Automated-Road-Dust-Collector/build/linefit_ground_segmentation': CMAKE_PREFIX_PATH=/opt/ros/humble /usr/bin/cmake --build /home/abhiyaan-cu/ardc/Automated-Road-Dust-Collector/build/linefit_ground_segmentation -- -j20 -l20
[2.714s] DEBUG:colcon.colcon_core.event_handler.log_command:Invoked command in '/home/abhiyaan-cu/ardc/Automated-Road-Dust-Collector/build/livox_ros_driver2' returned '1': CMAKE_PREFIX_PATH=/opt/ros/humble /usr/bin/cmake /home/abhiyaan-cu/ardc/Automated-Road-Dust-Collector/src/livox_ros_driver2 -DCMAKE_INSTALL_PREFIX=/home/abhiyaan-cu/ardc/Automated-Road-Dust-Collector/install/livox_ros_driver2
[2.723s] Level 1:colcon.colcon_core.environment:create_environment_scripts_only(livox_ros_driver2)
[2.724s] Level 1:colcon.colcon_core.environment:checking '/home/abhiyaan-cu/ardc/Automated-Road-Dust-Collector/install/livox_ros_driver2' for CMake module files
[2.724s] Level 1:colcon.colcon_core.environment:checking '/home/abhiyaan-cu/ardc/Automated-Road-Dust-Collector/install/livox_ros_driver2' for CMake config files
[2.724s] Level 1:colcon.colcon_core.environment:checking '/home/abhiyaan-cu/ardc/Automated-Road-Dust-Collector/install/livox_ros_driver2/bin'
[2.724s] Level 1:colcon.colcon_core.environment:checking '/home/abhiyaan-cu/ardc/Automated-Road-Dust-Collector/install/livox_ros_driver2/lib/pkgconfig/livox_ros_driver2.pc'
[2.724s] Level 1:colcon.colcon_core.environment:checking '/home/abhiyaan-cu/ardc/Automated-Road-Dust-Collector/install/livox_ros_driver2/lib/python3.10/site-packages'
[2.724s] Level 1:colcon.colcon_core.environment:checking '/home/abhiyaan-cu/ardc/Automated-Road-Dust-Collector/install/livox_ros_driver2/bin'
[2.725s] INFO:colcon.colcon_core.shell:Creating package script '/home/abhiyaan-cu/ardc/Automated-Road-Dust-Collector/install/livox_ros_driver2/share/livox_ros_driver2/package.ps1'
[2.725s] INFO:colcon.colcon_core.shell:Creating package descriptor '/home/abhiyaan-cu/ardc/Automated-Road-Dust-Collector/install/livox_ros_driver2/share/livox_ros_driver2/package.dsv'
[2.725s] INFO:colcon.colcon_core.shell:Creating package script '/home/abhiyaan-cu/ardc/Automated-Road-Dust-Collector/install/livox_ros_driver2/share/livox_ros_driver2/package.sh'
[2.725s] INFO:colcon.colcon_core.shell:Creating package script '/home/abhiyaan-cu/ardc/Automated-Road-Dust-Collector/install/livox_ros_driver2/share/livox_ros_driver2/package.bash'
[2.725s] INFO:colcon.colcon_core.shell:Creating package script '/home/abhiyaan-cu/ardc/Automated-Road-Dust-Collector/install/livox_ros_driver2/share/livox_ros_driver2/package.zsh'
[2.726s] Level 1:colcon.colcon_core.environment:create_file_with_runtime_dependencies(/home/abhiyaan-cu/ardc/Automated-Road-Dust-Collector/install/livox_ros_driver2/share/colcon-core/packages/livox_ros_driver2)
[17.420s] DEBUG:colcon.colcon_parallel_executor.executor.parallel:closing loop
[17.420s] DEBUG:colcon.colcon_parallel_executor.executor.parallel:loop closed
[17.420s] DEBUG:colcon.colcon_parallel_executor.executor.parallel:run_until_complete finished with '1'
[17.420s] DEBUG:colcon.colcon_core.event_reactor:joining thread
[17.423s] INFO:colcon.colcon_core.plugin_system:Skipping extension 'colcon_notification.desktop_notification.terminal_notifier': Not used on non-Darwin systems
[17.423s] INFO:colcon.colcon_core.plugin_system:Skipping extension 'colcon_notification.desktop_notification.win32': Not used on non-Windows systems
[17.423s] INFO:colcon.colcon_notification.desktop_notification:Sending desktop notification using 'notify2'
[17.429s] DEBUG:colcon.colcon_core.event_reactor:joined thread
[17.429s] INFO:colcon.colcon_core.shell:Creating prefix script '/home/abhiyaan-cu/ardc/Automated-Road-Dust-Collector/install/local_setup.ps1'
[17.430s] INFO:colcon.colcon_core.shell:Creating prefix util module '/home/abhiyaan-cu/ardc/Automated-Road-Dust-Collector/install/_local_setup_util_ps1.py'
[17.430s] INFO:colcon.colcon_core.shell:Creating prefix chain script '/home/abhiyaan-cu/ardc/Automated-Road-Dust-Collector/install/setup.ps1'
[17.431s] INFO:colcon.colcon_core.shell:Creating prefix script '/home/abhiyaan-cu/ardc/Automated-Road-Dust-Collector/install/local_setup.sh'
[17.431s] INFO:colcon.colcon_core.shell:Creating prefix util module '/home/abhiyaan-cu/ardc/Automated-Road-Dust-Collector/install/_local_setup_util_sh.py'
[17.431s] INFO:colcon.colcon_core.shell:Creating prefix chain script '/home/abhiyaan-cu/ardc/Automated-Road-Dust-Collector/install/setup.sh'
[17.431s] INFO:colcon.colcon_core.shell:Creating prefix script '/home/abhiyaan-cu/ardc/Automated-Road-Dust-Collector/install/local_setup.bash'
[17.432s] INFO:colcon.colcon_core.shell:Creating prefix chain script '/home/abhiyaan-cu/ardc/Automated-Road-Dust-Collector/install/setup.bash'
[17.432s] INFO:colcon.colcon_core.shell:Creating prefix script '/home/abhiyaan-cu/ardc/Automated-Road-Dust-Collector/install/local_setup.zsh'
[17.432s] INFO:colcon.colcon_core.shell:Creating prefix chain script '/home/abhiyaan-cu/ardc/Automated-Road-Dust-Collector/install/setup.zsh'
