[0.014s] Invoking command in '/home/abhiyaan-cu/ardc/Automated-Road-Dust-Collector/build/livox_ros_driver2': CMAKE_PREFIX_PATH=/opt/ros/humble /usr/bin/cmake /home/abhiyaan-cu/ardc/Automated-Road-Dust-Collector/src/livox_ros_driver2 -DCMAKE_INSTALL_PREFIX=/home/abhiyaan-cu/ardc/Automated-Road-Dust-Collector/install/livox_ros_driver2
[0.090s] -- The C compiler identification is GNU 11.4.0
[0.152s] -- The CXX compiler identification is GNU 11.4.0
[0.157s] -- Detecting C compiler ABI info
[0.189s] -- Detecting C compiler ABI info - done
[0.193s] -- Check for working C compiler: /usr/lib/ccache/gcc - skipped
[0.193s] -- Detecting C compile features
[0.194s] -- Detecting C compile features - done
[0.196s] -- Detecting CXX compiler ABI info
[0.235s] -- Detecting CXX compiler ABI info - done
[0.239s] -- Check for working CXX compiler: /usr/lib/ccache/g++ - skipped
[0.239s] -- Detecting CXX compile features
[0.239s] -- Detecting CXX compile features - done
[0.240s] -- livox_ros_driver2 version: 1.2.4
[0.242s] -- Found ament_cmake_auto: 1.3.12 (/opt/ros/humble/share/ament_cmake_auto/cmake)
[0.335s] -- Found Python3: /usr/bin/python3 (found version "3.10.12") found components: Interpreter 
[0.441s] -- Using all available rosidl_typesupport_c: rosidl_typesupport_fastrtps_c;rosidl_typesupport_introspection_c
[0.445s] -- Found rosidl_adapter: 3.1.7 (/opt/ros/humble/share/rosidl_adapter/cmake)
[0.475s] -- Using all available rosidl_typesupport_cpp: rosidl_typesupport_fastrtps_cpp;rosidl_typesupport_introspection_cpp
[0.525s] -- Found rmw_implementation_cmake: 6.1.2 (/opt/ros/humble/share/rmw_implementation_cmake/cmake)
[0.526s] -- Found rmw_cyclonedds_cpp: 1.3.4 (/opt/ros/humble/share/rmw_cyclonedds_cpp/cmake)
[0.537s] -- Using RMW implementation 'rmw_cyclonedds_cpp' as default
[0.542s] -- Looking for pthread.h
[0.597s] -- Looking for pthread.h - found
[0.597s] -- Performing Test CMAKE_HAVE_LIBC_PTHREAD
[0.648s] -- Performing Test CMAKE_HAVE_LIBC_PTHREAD - Success
[0.648s] -- Found Threads: TRUE  
[0.739s] -- Checking for module 'eigen3'
[0.746s] --   Found eigen3, version 3.4.0
[0.764s] -- Found Eigen: /usr/include/eigen3 (Required is at least version "3.1") 
[0.764s] -- Eigen found (include: /usr/include/eigen3, version: 3.4.0)
[0.784s] -- Checking for module 'flann'
[0.792s] --   Found flann, version 1.9.1
[0.818s] -- Found FLANN: /usr/lib/x86_64-linux-gnu/libflann_cpp.so  
[0.818s] -- FLANN found (include: /usr/include, lib: /usr/lib/x86_64-linux-gnu/libflann_cpp.so)
[1.322s] -- Checking for module 'libusb-1.0'
[1.330s] --   Found libusb-1.0, version 1.0.25
[1.352s] -- Found libusb: /usr/lib/x86_64-linux-gnu/libusb-1.0.so  
[1.353s] -- OpenNI found (version: 1.5.4.0, include: /usr/include/ni, lib: /usr/lib/libOpenNI.so;libusb::libusb)
[1.388s] -- OpenNI2 found (version: 2.2.0.33, include: /usr/include/openni2, lib: /usr/lib/x86_64-linux-gnu/libOpenNI2.so;libusb::libusb)
[1.478s] -- Eigen found (include: /usr/include/eigen3, version: 3.4.0)
[1.483s] -- OpenNI found (version: 1.5.4.0, include: /usr/include/ni, lib: /usr/lib/libOpenNI.so;libusb::libusb)
[1.489s] -- OpenNI2 found (version: 2.2.0.33, include: /usr/include/openni2, lib: /usr/lib/x86_64-linux-gnu/libOpenNI2.so;libusb::libusb)
[1.590s] -- Found Qhull version 8.0.2
[1.701s] -- OpenNI found (version: 1.5.4.0, include: /usr/include/ni, lib: /usr/lib/libOpenNI.so;libusb::libusb)
[1.795s] -- Found PCL_COMMON: /usr/lib/x86_64-linux-gnu/libpcl_common.so  
[1.796s] -- Found PCL_KDTREE: /usr/lib/x86_64-linux-gnu/libpcl_kdtree.so  
[1.796s] -- Found PCL_OCTREE: /usr/lib/x86_64-linux-gnu/libpcl_octree.so  
[1.797s] -- Found PCL_SEARCH: /usr/lib/x86_64-linux-gnu/libpcl_search.so  
[1.797s] -- Found PCL_SAMPLE_CONSENSUS: /usr/lib/x86_64-linux-gnu/libpcl_sample_consensus.so  
[1.798s] -- Found PCL_FILTERS: /usr/lib/x86_64-linux-gnu/libpcl_filters.so  
[1.798s] -- Found PCL_2D: /usr/include/pcl-1.12  
[1.798s] -- Found PCL_GEOMETRY: /usr/include/pcl-1.12  
[1.799s] -- Found PCL_IO: /usr/lib/x86_64-linux-gnu/libpcl_io.so  
[1.799s] -- Found PCL_FEATURES: /usr/lib/x86_64-linux-gnu/libpcl_features.so  
[1.800s] -- Found PCL_ML: /usr/lib/x86_64-linux-gnu/libpcl_ml.so  
[1.801s] -- Found PCL_SEGMENTATION: /usr/lib/x86_64-linux-gnu/libpcl_segmentation.so  
[1.801s] -- Found PCL_VISUALIZATION: /usr/lib/x86_64-linux-gnu/libpcl_visualization.so  
[1.802s] -- Found PCL_SURFACE: /usr/lib/x86_64-linux-gnu/libpcl_surface.so  
[1.802s] -- Found PCL_REGISTRATION: /usr/lib/x86_64-linux-gnu/libpcl_registration.so  
[1.803s] -- Found PCL_KEYPOINTS: /usr/lib/x86_64-linux-gnu/libpcl_keypoints.so  
[1.804s] -- Found PCL_TRACKING: /usr/lib/x86_64-linux-gnu/libpcl_tracking.so  
[1.804s] -- Found PCL_RECOGNITION: /usr/lib/x86_64-linux-gnu/libpcl_recognition.so  
[1.805s] -- Found PCL_STEREO: /usr/lib/x86_64-linux-gnu/libpcl_stereo.so  
[1.805s] -- Found PCL_APPS: /usr/lib/x86_64-linux-gnu/libpcl_apps.so  
[1.806s] -- Found PCL_IN_HAND_SCANNER: /usr/include/pcl-1.12  
[1.806s] -- Found PCL_MODELER: /usr/include/pcl-1.12  
[1.806s] -- Found PCL_POINT_CLOUD_EDITOR: /usr/include/pcl-1.12  
[1.807s] -- Found PCL_OUTOFCORE: /usr/lib/x86_64-linux-gnu/libpcl_outofcore.so  
[1.807s] -- Found PCL_PEOPLE: /usr/lib/x86_64-linux-gnu/libpcl_people.so  
[1.837s] -- Found PkgConfig: /usr/bin/pkg-config (found version "0.29.2") 
[1.837s] -- Checking for module 'apr-1'
[1.840s] --   No package 'apr-1' found
[1.982s] -- Found ament_cmake_ros: 0.10.0 (/opt/ros/humble/share/ament_cmake_ros/cmake)
[2.127s] -- Using all available rosidl_typesupport_c: rosidl_typesupport_fastrtps_c;rosidl_typesupport_introspection_c
[2.336s] -- Using all available rosidl_typesupport_cpp: rosidl_typesupport_fastrtps_cpp;rosidl_typesupport_introspection_cpp
[2.352s] -- Found PythonInterp: /usr/bin/python3 (found suitable version "3.10.12", minimum required is "3.6") 
[2.353s] -- Found python_cmake_module: 0.10.0 (/opt/ros/humble/share/python_cmake_module/cmake)
[2.372s] -- Found PythonLibs: /usr/lib/x86_64-linux-gnu/libpython3.10.so (found suitable version "3.10.12", minimum required is "3.5") 
[2.372s] -- Using PYTHON_EXECUTABLE: /usr/bin/python3
[2.372s] -- Using PYTHON_INCLUDE_DIRS: /usr/include/python3.10
[2.372s] -- Using PYTHON_LIBRARIES: /usr/lib/x86_64-linux-gnu/libpython3.10.so
[2.388s] -- Found PythonExtra: .so  
[2.427s] -- Found ament_lint_auto: 0.12.14 (/opt/ros/humble/share/ament_lint_auto/cmake)
[2.440s] -- Added test 'copyright' to check source files copyright and LICENSE
[2.443s] -- Added test 'cppcheck' to perform static code analysis on C / C++ code
[2.443s] -- Configured cppcheck include dirs: /home/abhiyaan-cu/ardc/Automated-Road-Dust-Collector/src/livox_ros_driver2/3rdparty;/home/abhiyaan-cu/ardc/Automated-Road-Dust-Collector/src/livox_ros_driver2/src
[2.443s] -- Configured cppcheck exclude dirs and/or files: 
[2.446s] -- Added test 'cpplint' to check C / C++ code against the Google style
[2.446s] -- Configured cpplint exclude dirs and/or files: 
[2.446s] -- Added test 'flake8' to check Python code syntax and style conventions
[2.447s] -- Added test 'lint_cmake' to check CMake code style
[2.448s] -- Added test 'pep257' to check Python code against some of the docstring style conventions in PEP 257
[2.450s] -- Added test 'uncrustify' to check C / C++ code style
[2.450s] -- Configured uncrustify additional arguments: 
[2.450s] -- Added test 'xmllint' to check XML markup files
[2.452s] -- Configuring done
[2.455s] [0mCMake Error: The following variables are used in this project, but they are set to NOTFOUND.
[2.455s] Please set them or make sure they are set and tested correctly in the CMake files:
[2.455s] /home/abhiyaan-cu/ardc/Automated-Road-Dust-Collector/src/livox_ros_driver2/LIVOX_INTERFACES_INCLUDE_DIRECTORIES
[2.455s]    used as include directory in directory /home/abhiyaan-cu/ardc/Automated-Road-Dust-Collector/src/livox_ros_driver2
[2.455s] [0m
[2.489s] -- Generating done
[2.490s] [0mCMake Generate step failed.  Build files cannot be regenerated correctly.[0m
[2.510s] Invoked command in '/home/abhiyaan-cu/ardc/Automated-Road-Dust-Collector/build/livox_ros_driver2' returned '1': CMAKE_PREFIX_PATH=/opt/ros/humble /usr/bin/cmake /home/abhiyaan-cu/ardc/Automated-Road-Dust-Collector/src/livox_ros_driver2 -DCMAKE_INSTALL_PREFIX=/home/abhiyaan-cu/ardc/Automated-Road-Dust-Collector/install/livox_ros_driver2
