[0.018s] Invoking command in '/home/abhiyaan-cu/ardc/Automated-Road-Dust-Collector/build/lidar_processing_lib': /usr/bin/cmake /home/abhiyaan-cu/ardc/Automated-Road-Dust-Collector/src/LiDAR-Processing-V2/lidar_processing_lib -DCMAKE_INSTALL_PREFIX=/home/abhiyaan-cu/ardc/Automated-Road-Dust-Collector/install/lidar_processing_lib
[0.095s] -- The C compiler identification is GNU 11.4.0
[0.153s] -- The CXX compiler identification is GNU 11.4.0
[0.160s] -- Detecting C compiler ABI info
[0.194s] -- Detecting C compiler ABI info - done
[0.200s] -- Check for working C compiler: /usr/lib/ccache/gcc - skipped
[0.200s] -- Detecting C compile features
[0.200s] -- Detecting C compile features - done
[0.202s] -- Detecting CXX compiler ABI info
[0.241s] -- Detecting CXX compiler ABI info - done
[0.245s] -- Check for working CXX compiler: /usr/lib/ccache/g++ - skipped
[0.245s] -- Detecting CXX compile features
[0.246s] -- Detecting CXX compile features - done
[0.259s] -- Found OpenCV: /usr (found version "4.5.4") 
[0.266s] -- Checking for module 'eigen3'
[0.274s] --   Found eigen3, version 3.4.0
[0.292s] -- Found Eigen: /usr/include/eigen3 (Required is at least version "3.1") 
[0.292s] -- Eigen found (include: /usr/include/eigen3, version: 3.4.0)
[0.302s] -- Found Boost: /usr/lib/x86_64-linux-gnu/cmake/Boost-1.74.0/BoostConfig.cmake (found suitable version "1.74.0", minimum required is "1.65.0") found components: system filesystem date_time iostreams serialization 
[0.312s] -- Checking for module 'flann'
[0.319s] --   Found flann, version 1.9.1
[0.348s] -- Found FLANN: /usr/lib/x86_64-linux-gnu/libflann_cpp.so  
[0.348s] -- FLANN found (include: /usr/include, lib: /usr/lib/x86_64-linux-gnu/libflann_cpp.so)
[0.371s] -- Looking for pthread.h
[0.427s] -- Looking for pthread.h - found
[0.427s] -- Performing Test CMAKE_HAVE_LIBC_PTHREAD
[0.480s] -- Performing Test CMAKE_HAVE_LIBC_PTHREAD - Success
[0.482s] -- Found Threads: TRUE  
[0.484s] -- Found GLEW: /usr/lib/x86_64-linux-gnu/libGLEW.so  
[0.486s] -- Found OpenGL: /usr/lib/x86_64-linux-gnu/libOpenGL.so  found components: OpenGL GLX 
[0.566s] -- Found MPI_C: /usr/lib/x86_64-linux-gnu/libmpi.so (found version "3.1") 
[0.566s] -- Found MPI: TRUE (found version "3.1") found components: C 
[0.568s] -- Found JsonCpp: /usr/lib/x86_64-linux-gnu/libjsoncpp.so (found suitable version "1.9.5", minimum required is "0.7.0") 
[0.573s] -- Found ZLIB: /usr/lib/x86_64-linux-gnu/libz.so (found version "1.2.11") 
[0.583s] -- Found PNG: /usr/lib/x86_64-linux-gnu/libpng.so (found version "1.6.37") 
[0.593s] -- Found Eigen3: /usr/include/eigen3 (found version "3.4.0") 
[0.642s] -- Found X11: /usr/include   
[0.642s] -- Looking for XOpenDisplay in /usr/lib/x86_64-linux-gnu/libX11.so;/usr/lib/x86_64-linux-gnu/libXext.so
[0.681s] -- Looking for XOpenDisplay in /usr/lib/x86_64-linux-gnu/libX11.so;/usr/lib/x86_64-linux-gnu/libXext.so - found
[0.681s] -- Looking for gethostbyname
[0.720s] -- Looking for gethostbyname - found
[0.720s] -- Looking for connect
[0.753s] -- Looking for connect - found
[0.753s] -- Looking for remove
[0.789s] -- Looking for remove - found
[0.789s] -- Looking for shmat
[0.826s] -- Looking for shmat - found
[0.826s] -- Looking for IceConnectionNumber in ICE
[0.858s] -- Looking for IceConnectionNumber in ICE - found
[0.901s] -- Found EXPAT: /usr/lib/x86_64-linux-gnu/libexpat.so (found version "2.4.7") 
[0.902s] -- Found double-conversion: /usr/lib/x86_64-linux-gnu/libdouble-conversion.so  
[0.904s] -- Found LZ4: /usr/lib/x86_64-linux-gnu/liblz4.so (found version "1.9.3") 
[0.905s] -- Found LZMA: /usr/lib/x86_64-linux-gnu/liblzma.so (found version "5.2.5") 
[0.913s] -- Found JPEG: /usr/lib/x86_64-linux-gnu/libjpeg.so (found version "80") 
[0.917s] -- Found TIFF: /usr/lib/x86_64-linux-gnu/libtiff.so (found version "4.3.0")  
[0.919s] -- Found Freetype: /usr/lib/x86_64-linux-gnu/libfreetype.so (found version "2.11.1") 
[0.923s] -- Found utf8cpp: /usr/include/utf8cpp  
[0.972s] -- Checking for module 'libusb-1.0'
[0.978s] --   Found libusb-1.0, version 1.0.25
[0.996s] -- Found libusb: /usr/lib/x86_64-linux-gnu/libusb-1.0.so  
[0.997s] -- Found OpenNI: /usr/lib/libOpenNI.so;libusb::libusb (found version "1.5.4.0") 
[0.997s] -- OpenNI found (version: 1.5.4.0, include: /usr/include/ni, lib: /usr/lib/libOpenNI.so;libusb::libusb)
[1.026s] -- Found OpenNI2: /usr/lib/x86_64-linux-gnu/libOpenNI2.so;libusb::libusb (found version "2.2.0.33") 
[1.026s] -- OpenNI2 found (version: 2.2.0.33, include: /usr/include/openni2, lib: /usr/lib/x86_64-linux-gnu/libOpenNI2.so;libusb::libusb)
[1.026s] [0m** WARNING ** io features related to pcap will be disabled[0m
[1.115s] -- Eigen found (include: /usr/include/eigen3, version: 3.4.0)
[1.119s] -- OpenNI found (version: 1.5.4.0, include: /usr/include/ni, lib: /usr/lib/libOpenNI.so;libusb::libusb)
[1.123s] -- OpenNI2 found (version: 2.2.0.33, include: /usr/include/openni2, lib: /usr/lib/x86_64-linux-gnu/libOpenNI2.so;libusb::libusb)
[1.203s] -- Found Qhull version 8.0.2
[1.286s] -- OpenNI found (version: 1.5.4.0, include: /usr/include/ni, lib: /usr/lib/libOpenNI.so;libusb::libusb)
[1.367s] -- looking for PCL_COMMON
[1.368s] -- Found PCL_COMMON: /usr/lib/x86_64-linux-gnu/libpcl_common.so  
[1.368s] -- looking for PCL_KDTREE
[1.369s] -- Found PCL_KDTREE: /usr/lib/x86_64-linux-gnu/libpcl_kdtree.so  
[1.369s] -- looking for PCL_OCTREE
[1.369s] -- Found PCL_OCTREE: /usr/lib/x86_64-linux-gnu/libpcl_octree.so  
[1.369s] -- looking for PCL_SEARCH
[1.369s] -- Found PCL_SEARCH: /usr/lib/x86_64-linux-gnu/libpcl_search.so  
[1.370s] -- looking for PCL_SAMPLE_CONSENSUS
[1.370s] -- Found PCL_SAMPLE_CONSENSUS: /usr/lib/x86_64-linux-gnu/libpcl_sample_consensus.so  
[1.370s] -- looking for PCL_FILTERS
[1.370s] -- Found PCL_FILTERS: /usr/lib/x86_64-linux-gnu/libpcl_filters.so  
[1.371s] -- looking for PCL_2D
[1.371s] -- Found PCL_2D: /usr/include/pcl-1.12  
[1.371s] -- looking for PCL_GEOMETRY
[1.371s] -- Found PCL_GEOMETRY: /usr/include/pcl-1.12  
[1.371s] -- looking for PCL_IO
[1.371s] -- Found PCL_IO: /usr/lib/x86_64-linux-gnu/libpcl_io.so  
[1.372s] -- looking for PCL_FEATURES
[1.372s] -- Found PCL_FEATURES: /usr/lib/x86_64-linux-gnu/libpcl_features.so  
[1.372s] -- looking for PCL_ML
[1.373s] -- Found PCL_ML: /usr/lib/x86_64-linux-gnu/libpcl_ml.so  
[1.373s] -- looking for PCL_SEGMENTATION
[1.373s] -- Found PCL_SEGMENTATION: /usr/lib/x86_64-linux-gnu/libpcl_segmentation.so  
[1.373s] -- looking for PCL_VISUALIZATION
[1.374s] -- Found PCL_VISUALIZATION: /usr/lib/x86_64-linux-gnu/libpcl_visualization.so  
[1.374s] -- looking for PCL_SURFACE
[1.374s] -- Found PCL_SURFACE: /usr/lib/x86_64-linux-gnu/libpcl_surface.so  
[1.374s] -- looking for PCL_REGISTRATION
[1.375s] -- Found PCL_REGISTRATION: /usr/lib/x86_64-linux-gnu/libpcl_registration.so  
[1.375s] -- looking for PCL_KEYPOINTS
[1.375s] -- Found PCL_KEYPOINTS: /usr/lib/x86_64-linux-gnu/libpcl_keypoints.so  
[1.376s] -- looking for PCL_TRACKING
[1.376s] -- Found PCL_TRACKING: /usr/lib/x86_64-linux-gnu/libpcl_tracking.so  
[1.376s] -- looking for PCL_RECOGNITION
[1.377s] -- Found PCL_RECOGNITION: /usr/lib/x86_64-linux-gnu/libpcl_recognition.so  
[1.377s] -- looking for PCL_STEREO
[1.377s] -- Found PCL_STEREO: /usr/lib/x86_64-linux-gnu/libpcl_stereo.so  
[1.377s] -- looking for PCL_APPS
[1.378s] -- Found PCL_APPS: /usr/lib/x86_64-linux-gnu/libpcl_apps.so  
[1.378s] -- looking for PCL_IN_HAND_SCANNER
[1.378s] -- Found PCL_IN_HAND_SCANNER: /usr/include/pcl-1.12  
[1.379s] -- looking for PCL_MODELER
[1.379s] -- Found PCL_MODELER: /usr/include/pcl-1.12  
[1.379s] -- looking for PCL_POINT_CLOUD_EDITOR
[1.379s] -- Found PCL_POINT_CLOUD_EDITOR: /usr/include/pcl-1.12  
[1.379s] -- looking for PCL_OUTOFCORE
[1.379s] -- Found PCL_OUTOFCORE: /usr/lib/x86_64-linux-gnu/libpcl_outofcore.so  
[1.379s] -- looking for PCL_PEOPLE
[1.380s] -- Found PCL_PEOPLE: /usr/lib/x86_64-linux-gnu/libpcl_people.so  
[1.380s] -- Found PCL: pcl_common;pcl_kdtree;pcl_octree;pcl_search;pcl_sample_consensus;pcl_filters;pcl_io;pcl_features;pcl_ml;pcl_segmentation;pcl_visualization;pcl_surface;pcl_registration;pcl_keypoints;pcl_tracking;pcl_recognition;pcl_stereo;pcl_apps;pcl_outofcore;pcl_people;Boost::system;Boost::filesystem;Boost::date_time;Boost::iostreams;Boost::serialization;/usr/lib/libOpenNI.so;libusb::libusb;/usr/lib/x86_64-linux-gnu/libOpenNI2.so;libusb::libusb;VTK::ChartsCore;VTK::CommonColor;VTK::CommonComputationalGeometry;VTK::CommonCore;VTK::CommonDataModel;VTK::CommonExecutionModel;VTK::CommonMath;VTK::CommonMisc;VTK::CommonTransforms;VTK::FiltersCore;VTK::FiltersExtraction;VTK::FiltersGeneral;VTK::FiltersGeometry;VTK::FiltersModeling;VTK::FiltersSources;VTK::ImagingCore;VTK::ImagingSources;VTK::InteractionImage;VTK::InteractionStyle;VTK::InteractionWidgets;VTK::IOCore;VTK::IOGeometry;VTK::IOImage;VTK::IOLegacy;VTK::IOPLY;VTK::RenderingAnnotation;VTK::RenderingCore;VTK::RenderingContext2D;VTK::RenderingLOD;VTK::RenderingFreeType;VTK::ViewsCore;VTK::ViewsContext2D;VTK::RenderingOpenGL2;VTK::GUISupportQt;FLANN::FLANN;QHULL::QHULL (Required is at least version "1.7.2") 
[1.386s] -- Found GTest: /usr/lib/x86_64-linux-gnu/cmake/GTest/GTestConfig.cmake (found version "1.11.0")  
[1.386s] -- Configuring done
[1.417s] -- Generating done
[1.425s] -- Build files have been written to: /home/abhiyaan-cu/ardc/Automated-Road-Dust-Collector/build/lidar_processing_lib
[1.434s] Invoked command in '/home/abhiyaan-cu/ardc/Automated-Road-Dust-Collector/build/lidar_processing_lib' returned '0': /usr/bin/cmake /home/abhiyaan-cu/ardc/Automated-Road-Dust-Collector/src/LiDAR-Processing-V2/lidar_processing_lib -DCMAKE_INSTALL_PREFIX=/home/abhiyaan-cu/ardc/Automated-Road-Dust-Collector/install/lidar_processing_lib
[1.435s] Invoking command in '/home/abhiyaan-cu/ardc/Automated-Road-Dust-Collector/build/lidar_processing_lib': /usr/bin/cmake --build /home/abhiyaan-cu/ardc/Automated-Road-Dust-Collector/build/lidar_processing_lib -- -j20 -l20
[1.468s] [ 27%] [32mBuilding CXX object CMakeFiles/lidar_processing_lib.dir/src/polygonizer.cpp.o[0m
[1.468s] [ 27%] [32mBuilding CXX object CMakeFiles/lidar_processing_lib.dir/src/noise_remover.cpp.o[0m
[1.468s] [ 27%] [32mBuilding CXX object CMakeFiles/lidar_processing_lib.dir/src/segmenter.cpp.o[0m
[1.468s] [ 36%] [32mBuilding CXX object CMakeFiles/lidar_processing_lib.dir/src/clusterer.cpp.o[0m
[7.149s] [ 45%] [32m[1mLinking CXX shared library liblidar_processing_lib.so[0m
[8.910s] [ 45%] Built target lidar_processing_lib
[8.924s] [ 72%] [32mBuilding CXX object CMakeFiles/test_lidar_processing_lib.dir/tests/test_static_unordered_set.cpp.o[0m
[8.924s] [ 72%] [32mBuilding CXX object CMakeFiles/test_lidar_processing_lib.dir/tests/test_static_unordered_map.cpp.o[0m
[8.924s] [ 72%] [32mBuilding CXX object CMakeFiles/test_lidar_processing_lib.dir/tests/test_avl_tree.cpp.o[0m
[8.924s] [ 81%] [32mBuilding CXX object CMakeFiles/test_lidar_processing_lib.dir/tests/test_circular_deque.cpp.o[0m
[8.925s] [ 90%] [32mBuilding CXX object CMakeFiles/test_lidar_processing_lib.dir/tests/test_static_map.cpp.o[0m
[9.780s] [100%] [32m[1mLinking CXX executable test_lidar_processing_lib[0m
[11.387s] [100%] Built target test_lidar_processing_lib
