[0.013s] Invoking command in '/home/abhiyaan-cu/ardc/Automated-Road-Dust-Collector/build/dataloader': CMAKE_PREFIX_PATH=/opt/ros/humble /usr/bin/cmake /home/abhiyaan-cu/ardc/Automated-Road-Dust-Collector/src/LiDAR-Processing-V2/src/dataloader -DCMAKE_INSTALL_PREFIX=/home/abhiyaan-cu/ardc/Automated-Road-Dust-Collector/install/dataloader
[0.088s] -- The C compiler identification is GNU 11.4.0
[0.148s] -- The CXX compiler identification is GNU 11.4.0
[0.153s] -- Detecting C compiler ABI info
[0.188s] -- Detecting C compiler ABI info - done
[0.192s] -- Check for working C compiler: /usr/lib/ccache/gcc - skipped
[0.192s] -- Detecting C compile features
[0.192s] -- Detecting C compile features - done
[0.194s] -- Detecting CXX compiler ABI info
[0.240s] -- Detecting CXX compiler ABI info - done
[0.247s] -- Check for working CXX compiler: /usr/lib/ccache/g++ - skipped
[0.247s] -- Detecting CXX compile features
[0.247s] -- Detecting CXX compile features - done
[0.257s] -- Checking for module 'eigen3'
[0.264s] --   Found eigen3, version 3.4.0
[0.282s] -- Found Eigen: /usr/include/eigen3 (Required is at least version "3.1") 
[0.282s] -- Eigen found (include: /usr/include/eigen3, version: 3.4.0)
[0.296s] -- Found Boost: /usr/lib/x86_64-linux-gnu/cmake/Boost-1.74.0/BoostConfig.cmake (found suitable version "1.74.0", minimum required is "1.65.0") found components: system filesystem date_time iostreams serialization 
[0.305s] -- Checking for module 'flann'
[0.313s] --   Found flann, version 1.9.1
[0.342s] -- Found FLANN: /usr/lib/x86_64-linux-gnu/libflann_cpp.so  
[0.342s] -- FLANN found (include: /usr/include, lib: /usr/lib/x86_64-linux-gnu/libflann_cpp.so)
[0.364s] -- Looking for pthread.h
[0.421s] -- Looking for pthread.h - found
[0.421s] -- Performing Test CMAKE_HAVE_LIBC_PTHREAD
[0.475s] -- Performing Test CMAKE_HAVE_LIBC_PTHREAD - Success
[0.475s] -- Found Threads: TRUE  
[0.477s] -- Found GLEW: /usr/lib/x86_64-linux-gnu/libGLEW.so  
[0.480s] -- Found OpenGL: /usr/lib/x86_64-linux-gnu/libOpenGL.so  found components: OpenGL GLX 
[0.559s] -- Found MPI_C: /usr/lib/x86_64-linux-gnu/libmpi.so (found version "3.1") 
[0.559s] -- Found MPI: TRUE (found version "3.1") found components: C 
[0.561s] -- Found JsonCpp: /usr/lib/x86_64-linux-gnu/libjsoncpp.so (found suitable version "1.9.5", minimum required is "0.7.0") 
[0.568s] -- Found ZLIB: /usr/lib/x86_64-linux-gnu/libz.so (found version "1.2.11") 
[0.578s] -- Found PNG: /usr/lib/x86_64-linux-gnu/libpng.so (found version "1.6.37") 
[0.586s] -- Found Eigen3: /usr/include/eigen3 (found version "3.4.0") 
[0.636s] -- Found X11: /usr/include   
[0.636s] -- Looking for XOpenDisplay in /usr/lib/x86_64-linux-gnu/libX11.so;/usr/lib/x86_64-linux-gnu/libXext.so
[0.673s] -- Looking for XOpenDisplay in /usr/lib/x86_64-linux-gnu/libX11.so;/usr/lib/x86_64-linux-gnu/libXext.so - found
[0.674s] -- Looking for gethostbyname
[0.708s] -- Looking for gethostbyname - found
[0.708s] -- Looking for connect
[0.744s] -- Looking for connect - found
[0.744s] -- Looking for remove
[0.780s] -- Looking for remove - found
[0.780s] -- Looking for shmat
[0.813s] -- Looking for shmat - found
[0.813s] -- Looking for IceConnectionNumber in ICE
[0.855s] -- Looking for IceConnectionNumber in ICE - found
[0.899s] -- Found EXPAT: /usr/lib/x86_64-linux-gnu/libexpat.so (found version "2.4.7") 
[0.901s] -- Found double-conversion: /usr/lib/x86_64-linux-gnu/libdouble-conversion.so  
[0.903s] -- Found LZ4: /usr/lib/x86_64-linux-gnu/liblz4.so (found version "1.9.3") 
[0.904s] -- Found LZMA: /usr/lib/x86_64-linux-gnu/liblzma.so (found version "5.2.5") 
[0.912s] -- Found JPEG: /usr/lib/x86_64-linux-gnu/libjpeg.so (found version "80") 
[0.915s] -- Found TIFF: /usr/lib/x86_64-linux-gnu/libtiff.so (found version "4.3.0")  
[0.918s] -- Found Freetype: /usr/lib/x86_64-linux-gnu/libfreetype.so (found version "2.11.1") 
[0.921s] -- Found utf8cpp: /usr/include/utf8cpp  
[0.966s] -- Checking for module 'libusb-1.0'
[0.974s] --   Found libusb-1.0, version 1.0.25
[0.994s] -- Found libusb: /usr/lib/x86_64-linux-gnu/libusb-1.0.so  
[0.995s] -- Found OpenNI: /usr/lib/libOpenNI.so;libusb::libusb (found version "1.5.4.0") 
[0.995s] -- OpenNI found (version: 1.5.4.0, include: /usr/include/ni, lib: /usr/lib/libOpenNI.so;libusb::libusb)
[1.029s] -- Found OpenNI2: /usr/lib/x86_64-linux-gnu/libOpenNI2.so;libusb::libusb (found version "2.2.0.33") 
[1.029s] -- OpenNI2 found (version: 2.2.0.33, include: /usr/include/openni2, lib: /usr/lib/x86_64-linux-gnu/libOpenNI2.so;libusb::libusb)
[1.029s] [0m** WARNING ** io features related to pcap will be disabled[0m
[1.117s] -- Eigen found (include: /usr/include/eigen3, version: 3.4.0)
[1.120s] -- OpenNI found (version: 1.5.4.0, include: /usr/include/ni, lib: /usr/lib/libOpenNI.so;libusb::libusb)
[1.124s] -- OpenNI2 found (version: 2.2.0.33, include: /usr/include/openni2, lib: /usr/lib/x86_64-linux-gnu/libOpenNI2.so;libusb::libusb)
[1.204s] -- Found Qhull version 8.0.2
[1.288s] -- OpenNI found (version: 1.5.4.0, include: /usr/include/ni, lib: /usr/lib/libOpenNI.so;libusb::libusb)
[1.368s] -- looking for PCL_COMMON
[1.368s] -- Found PCL_COMMON: /usr/lib/x86_64-linux-gnu/libpcl_common.so  
[1.369s] -- looking for PCL_KDTREE
[1.369s] -- Found PCL_KDTREE: /usr/lib/x86_64-linux-gnu/libpcl_kdtree.so  
[1.369s] -- looking for PCL_OCTREE
[1.369s] -- Found PCL_OCTREE: /usr/lib/x86_64-linux-gnu/libpcl_octree.so  
[1.370s] -- looking for PCL_SEARCH
[1.370s] -- Found PCL_SEARCH: /usr/lib/x86_64-linux-gnu/libpcl_search.so  
[1.370s] -- looking for PCL_SAMPLE_CONSENSUS
[1.371s] -- Found PCL_SAMPLE_CONSENSUS: /usr/lib/x86_64-linux-gnu/libpcl_sample_consensus.so  
[1.371s] -- looking for PCL_FILTERS
[1.371s] -- Found PCL_FILTERS: /usr/lib/x86_64-linux-gnu/libpcl_filters.so  
[1.371s] -- looking for PCL_2D
[1.371s] -- Found PCL_2D: /usr/include/pcl-1.12  
[1.371s] -- looking for PCL_GEOMETRY
[1.372s] -- Found PCL_GEOMETRY: /usr/include/pcl-1.12  
[1.372s] -- looking for PCL_IO
[1.372s] -- Found PCL_IO: /usr/lib/x86_64-linux-gnu/libpcl_io.so  
[1.372s] -- looking for PCL_FEATURES
[1.372s] -- Found PCL_FEATURES: /usr/lib/x86_64-linux-gnu/libpcl_features.so  
[1.373s] -- looking for PCL_ML
[1.373s] -- Found PCL_ML: /usr/lib/x86_64-linux-gnu/libpcl_ml.so  
[1.373s] -- looking for PCL_SEGMENTATION
[1.373s] -- Found PCL_SEGMENTATION: /usr/lib/x86_64-linux-gnu/libpcl_segmentation.so  
[1.374s] -- looking for PCL_VISUALIZATION
[1.374s] -- Found PCL_VISUALIZATION: /usr/lib/x86_64-linux-gnu/libpcl_visualization.so  
[1.374s] -- looking for PCL_SURFACE
[1.375s] -- Found PCL_SURFACE: /usr/lib/x86_64-linux-gnu/libpcl_surface.so  
[1.375s] -- looking for PCL_REGISTRATION
[1.375s] -- Found PCL_REGISTRATION: /usr/lib/x86_64-linux-gnu/libpcl_registration.so  
[1.375s] -- looking for PCL_KEYPOINTS
[1.376s] -- Found PCL_KEYPOINTS: /usr/lib/x86_64-linux-gnu/libpcl_keypoints.so  
[1.376s] -- looking for PCL_TRACKING
[1.376s] -- Found PCL_TRACKING: /usr/lib/x86_64-linux-gnu/libpcl_tracking.so  
[1.376s] -- looking for PCL_RECOGNITION
[1.377s] -- Found PCL_RECOGNITION: /usr/lib/x86_64-linux-gnu/libpcl_recognition.so  
[1.377s] -- looking for PCL_STEREO
[1.377s] -- Found PCL_STEREO: /usr/lib/x86_64-linux-gnu/libpcl_stereo.so  
[1.378s] -- looking for PCL_APPS
[1.378s] -- Found PCL_APPS: /usr/lib/x86_64-linux-gnu/libpcl_apps.so  
[1.378s] -- looking for PCL_IN_HAND_SCANNER
[1.379s] -- Found PCL_IN_HAND_SCANNER: /usr/include/pcl-1.12  
[1.379s] -- looking for PCL_MODELER
[1.379s] -- Found PCL_MODELER: /usr/include/pcl-1.12  
[1.379s] -- looking for PCL_POINT_CLOUD_EDITOR
[1.379s] -- Found PCL_POINT_CLOUD_EDITOR: /usr/include/pcl-1.12  
[1.379s] -- looking for PCL_OUTOFCORE
[1.379s] -- Found PCL_OUTOFCORE: /usr/lib/x86_64-linux-gnu/libpcl_outofcore.so  
[1.379s] -- looking for PCL_PEOPLE
[1.380s] -- Found PCL_PEOPLE: /usr/lib/x86_64-linux-gnu/libpcl_people.so  
[1.380s] -- Found PCL: pcl_common;pcl_kdtree;pcl_octree;pcl_search;pcl_sample_consensus;pcl_filters;pcl_io;pcl_features;pcl_ml;pcl_segmentation;pcl_visualization;pcl_surface;pcl_registration;pcl_keypoints;pcl_tracking;pcl_recognition;pcl_stereo;pcl_apps;pcl_outofcore;pcl_people;Boost::system;Boost::filesystem;Boost::date_time;Boost::iostreams;Boost::serialization;/usr/lib/libOpenNI.so;libusb::libusb;/usr/lib/x86_64-linux-gnu/libOpenNI2.so;libusb::libusb;VTK::ChartsCore;VTK::CommonColor;VTK::CommonComputationalGeometry;VTK::CommonCore;VTK::CommonDataModel;VTK::CommonExecutionModel;VTK::CommonMath;VTK::CommonMisc;VTK::CommonTransforms;VTK::FiltersCore;VTK::FiltersExtraction;VTK::FiltersGeneral;VTK::FiltersGeometry;VTK::FiltersModeling;VTK::FiltersSources;VTK::ImagingCore;VTK::ImagingSources;VTK::InteractionImage;VTK::InteractionStyle;VTK::InteractionWidgets;VTK::IOCore;VTK::IOGeometry;VTK::IOImage;VTK::IOLegacy;VTK::IOPLY;VTK::RenderingAnnotation;VTK::RenderingCore;VTK::RenderingContext2D;VTK::RenderingLOD;VTK::RenderingFreeType;VTK::ViewsCore;VTK::ViewsContext2D;VTK::RenderingOpenGL2;VTK::GUISupportQt;FLANN::FLANN;QHULL::QHULL (Required is at least version "1.7.2") 
[1.381s] -- Found ament_cmake: 1.3.12 (/opt/ros/humble/share/ament_cmake/cmake)
[1.476s] -- Found Python3: /usr/bin/python3 (found version "3.10.12") found components: Interpreter 
[1.537s] -- Found rclcpp: 16.0.15 (/opt/ros/humble/share/rclcpp/cmake)
[1.556s] -- Found rosidl_generator_c: 3.1.7 (/opt/ros/humble/share/rosidl_generator_c/cmake)
[1.559s] -- Found rosidl_adapter: 3.1.7 (/opt/ros/humble/share/rosidl_adapter/cmake)
[1.564s] -- Found rosidl_generator_cpp: 3.1.7 (/opt/ros/humble/share/rosidl_generator_cpp/cmake)
[1.571s] -- Using all available rosidl_typesupport_c: rosidl_typesupport_fastrtps_c;rosidl_typesupport_introspection_c
[1.580s] -- Using all available rosidl_typesupport_cpp: rosidl_typesupport_fastrtps_cpp;rosidl_typesupport_introspection_cpp
[1.604s] -- Found rmw_implementation_cmake: 6.1.2 (/opt/ros/humble/share/rmw_implementation_cmake/cmake)
[1.606s] -- Found rmw_cyclonedds_cpp: 1.3.4 (/opt/ros/humble/share/rmw_cyclonedds_cpp/cmake)
[1.618s] -- Using RMW implementation 'rmw_cyclonedds_cpp' as default
[1.652s] -- Found sensor_msgs: 4.9.0 (/opt/ros/humble/share/sensor_msgs/cmake)
[1.670s] -- Found visualization_msgs: 4.9.0 (/opt/ros/humble/share/visualization_msgs/cmake)
[1.724s] -- Configuring done
[1.757s] -- Generating done
[1.764s] -- Build files have been written to: /home/abhiyaan-cu/ardc/Automated-Road-Dust-Collector/build/dataloader
[1.776s] Invoked command in '/home/abhiyaan-cu/ardc/Automated-Road-Dust-Collector/build/dataloader' returned '0': CMAKE_PREFIX_PATH=/opt/ros/humble /usr/bin/cmake /home/abhiyaan-cu/ardc/Automated-Road-Dust-Collector/src/LiDAR-Processing-V2/src/dataloader -DCMAKE_INSTALL_PREFIX=/home/abhiyaan-cu/ardc/Automated-Road-Dust-Collector/install/dataloader
[1.778s] Invoking command in '/home/abhiyaan-cu/ardc/Automated-Road-Dust-Collector/build/dataloader': CMAKE_PREFIX_PATH=/opt/ros/humble /usr/bin/cmake --build /home/abhiyaan-cu/ardc/Automated-Road-Dust-Collector/build/dataloader -- -j20 -l20
[1.810s] [ 50%] [32mBuilding CXX object CMakeFiles/dataloader.dir/src/dataloader.cpp.o[0m
[6.751s] [100%] [32m[1mLinking CXX executable dataloader[0m
[7.312s] [100%] Built target dataloader
